TN:
SF:src/config/environment.ts
FNF:0
FNH:0
DA:1,1
DA:6,1
DA:7,1
DA:8,1
DA:11,1
LF:5
LH:5
BRDA:6,0,0,1
BRDA:6,0,1,0
BRDA:13,1,0,1
BRDA:13,1,1,0
BRDA:14,2,0,1
BRDA:14,2,1,0
BRDA:19,3,0,1
BRDA:19,3,1,0
BRDA:20,4,0,1
BRDA:20,4,1,0
BRDA:26,5,0,1
BRDA:26,5,1,0
BRDA:54,6,0,1
BRDA:54,6,1,1
BRDA:59,7,0,1
BRDA:59,7,1,0
BRDA:65,8,0,1
BRDA:65,8,1,0
BRDA:66,9,0,1
BRDA:66,9,1,0
BRDA:67,10,0,1
BRDA:67,10,1,0
BRF:22
BRH:12
end_of_record
TN:
SF:src/config/socket.ts
FN:4,(anonymous_0)
FNF:1
FNH:0
FNDA:0,(anonymous_0)
DA:1,0
DA:4,0
DA:6,0
DA:8,0
DA:9,0
DA:11,0
LF:6
LH:0
BRDA:6,0,0,0
BRDA:6,0,1,0
BRDA:13,1,0,0
BRDA:13,1,1,0
BRF:4
BRH:0
end_of_record
TN:
SF:src/constants/index.ts
FNF:0
FNH:0
DA:3,0
DA:9,0
LF:2
LH:0
BRF:0
BRH:0
end_of_record
TN:
SF:src/domains/real-time-communication/index.ts
FN:12,(anonymous_0)
FN:13,(anonymous_1)
FN:14,(anonymous_2)
FN:15,(anonymous_3)
FN:23,(anonymous_4)
FN:24,(anonymous_5)
FN:25,(anonymous_6)
FN:29,(anonymous_7)
FN:30,(anonymous_8)
FN:34,(anonymous_9)
FN:35,(anonymous_10)
FNF:11
FNH:0
FNDA:0,(anonymous_0)
FNDA:0,(anonymous_1)
FNDA:0,(anonymous_2)
FNDA:0,(anonymous_3)
FNDA:0,(anonymous_4)
FNDA:0,(anonymous_5)
FNDA:0,(anonymous_6)
FNDA:0,(anonymous_7)
FNDA:0,(anonymous_8)
FNDA:0,(anonymous_9)
FNDA:0,(anonymous_10)
DA:11,0
DA:12,0
DA:13,0
DA:14,0
DA:15,0
DA:20,0
DA:23,0
DA:24,0
DA:25,0
DA:29,0
DA:30,0
DA:33,0
DA:34,0
DA:35,0
LF:14
LH:0
BRF:0
BRH:0
end_of_record
TN:
SF:src/domains/real-time-communication/domain/models/Connection.ts
FN:7,(anonymous_0)
FN:13,(anonymous_1)
FN:17,(anonymous_2)
FN:21,(anonymous_3)
FN:26,(anonymous_4)
FN:32,(anonymous_5)
FN:40,(anonymous_6)
FN:48,(anonymous_7)
FN:53,(anonymous_8)
FNF:9
FNH:0
FNDA:0,(anonymous_0)
FNDA:0,(anonymous_1)
FNDA:0,(anonymous_2)
FNDA:0,(anonymous_3)
FNDA:0,(anonymous_4)
FNDA:0,(anonymous_5)
FNDA:0,(anonymous_6)
FNDA:0,(anonymous_7)
FNDA:0,(anonymous_8)
DA:6,0
DA:7,0
DA:8,0
DA:9,0
DA:14,0
DA:18,0
DA:22,0
DA:26,0
DA:27,0
DA:28,0
DA:29,0
DA:32,0
DA:33,0
DA:34,0
DA:35,0
DA:36,0
DA:39,0
DA:41,0
DA:42,0
DA:43,0
DA:44,0
DA:45,0
DA:49,0
DA:50,0
DA:54,0
DA:55,0
DA:56,0
DA:59,0
DA:60,0
DA:62,0
DA:63,0
DA:66,0
LF:32
LH:0
BRDA:8,0,0,0
BRDA:8,0,1,0
BRDA:8,1,0,0
BRDA:8,1,1,0
BRDA:26,2,0,0
BRDA:26,2,1,0
BRDA:32,3,0,0
BRDA:32,3,1,0
BRDA:44,4,0,0
BRDA:45,5,0,0
BRDA:62,6,0,0
BRDA:62,6,1,0
BRDA:66,7,0,0
BRDA:66,7,1,0
BRF:14
BRH:0
end_of_record
TN:
SF:src/domains/real-time-communication/domain/services/AudioCommunicationStrategy.ts
FN:86,(anonymous_0)
FN:93,(anonymous_1)
FN:100,(anonymous_2)
FNF:3
FNH:0
FNDA:0,(anonymous_0)
FNDA:0,(anonymous_1)
FNDA:0,(anonymous_2)
DA:85,0
DA:87,0
DA:88,0
DA:92,0
DA:94,0
DA:95,0
DA:99,0
DA:101,0
DA:102,0
LF:9
LH:0
BRF:0
BRH:0
end_of_record
TN:
SF:src/domains/real-time-communication/examples/HybridCommunicationExample.ts
FN:30,(anonymous_0)
FN:49,(anonymous_1)
FN:91,(anonymous_2)
FN:111,(anonymous_3)
FN:139,(anonymous_4)
FN:168,(anonymous_5)
FN:185,(anonymous_6)
FN:201,(anonymous_7)
FN:202,(anonymous_8)
FN:214,setupHybridVoiceHandling
FN:221,(anonymous_10)
FN:222,(anonymous_11)
FN:223,(anonymous_12)
FN:224,(anonymous_13)
FN:225,(anonymous_14)
FN:236,cleanupRoomWithHybrid
FNF:16
FNH:0
FNDA:0,(anonymous_0)
FNDA:0,(anonymous_1)
FNDA:0,(anonymous_2)
FNDA:0,(anonymous_3)
FNDA:0,(anonymous_4)
FNDA:0,(anonymous_5)
FNDA:0,(anonymous_6)
FNDA:0,(anonymous_7)
FNDA:0,(anonymous_8)
FNDA:0,setupHybridVoiceHandling
FNDA:0,(anonymous_10)
FNDA:0,(anonymous_11)
FNDA:0,(anonymous_12)
FNDA:0,(anonymous_13)
FNDA:0,(anonymous_14)
FNDA:0,cleanupRoomWithHybrid
DA:12,0
DA:19,0
DA:27,0
DA:35,0
DA:38,0
DA:39,0
DA:56,0
DA:59,0
DA:61,0
DA:63,0
DA:69,0
DA:72,0
DA:73,0
DA:80,0
DA:81,0
DA:96,0
DA:98,0
DA:100,0
DA:101,0
DA:104,0
DA:117,0
DA:118,0
DA:125,0
DA:128,0
DA:129,0
DA:140,0
DA:141,0
DA:143,0
DA:151,0
DA:152,0
DA:153,0
DA:157,0
DA:158,0
DA:170,0
DA:172,0
DA:174,0
DA:175,0
DA:178,0
DA:186,0
DA:188,0
DA:190,0
DA:192,0
DA:194,0
DA:202,0
DA:203,0
DA:214,0
DA:215,0
DA:218,0
DA:221,0
DA:222,0
DA:223,0
DA:224,0
DA:225,0
DA:228,0
DA:230,0
DA:236,0
DA:237,0
DA:239,0
DA:240,0
DA:241,0
DA:243,0
DA:244,0
LF:62
LH:0
BRDA:83,0,0,0
BRDA:83,0,1,0
BRDA:131,1,0,0
BRDA:131,1,1,0
BRDA:151,2,0,0
BRDA:151,2,1,0
BRDA:186,3,0,0
BRDA:186,3,1,0
BRDA:186,3,2,0
BRDA:186,3,3,0
BRF:10
BRH:0
end_of_record
TN:
SF:src/domains/real-time-communication/infrastructure/strategies/StreamingStrategy.ts
FN:29,(anonymous_0)
FN:34,(anonymous_1)
FN:57,(anonymous_2)
FN:77,(anonymous_3)
FN:82,(anonymous_4)
FN:86,(anonymous_5)
FN:111,(anonymous_6)
FN:133,(anonymous_7)
FN:148,(anonymous_8)
FN:153,(anonymous_9)
FN:163,(anonymous_10)
FN:174,(anonymous_11)
FN:186,(anonymous_12)
FN:195,(anonymous_13)
FN:197,(anonymous_14)
FN:209,(anonymous_15)
FN:217,(anonymous_16)
FN:230,(anonymous_17)
FN:235,(anonymous_18)
FN:241,(anonymous_19)
FN:247,(anonymous_20)
FN:252,(anonymous_21)
FN:257,(anonymous_22)
FN:264,(anonymous_23)
FN:266,(anonymous_24)
FNF:25
FNH:0
FNDA:0,(anonymous_0)
FNDA:0,(anonymous_1)
FNDA:0,(anonymous_2)
FNDA:0,(anonymous_3)
FNDA:0,(anonymous_4)
FNDA:0,(anonymous_5)
FNDA:0,(anonymous_6)
FNDA:0,(anonymous_7)
FNDA:0,(anonymous_8)
FNDA:0,(anonymous_9)
FNDA:0,(anonymous_10)
FNDA:0,(anonymous_11)
FNDA:0,(anonymous_12)
FNDA:0,(anonymous_13)
FNDA:0,(anonymous_14)
FNDA:0,(anonymous_15)
FNDA:0,(anonymous_16)
FNDA:0,(anonymous_17)
FNDA:0,(anonymous_18)
FNDA:0,(anonymous_19)
FNDA:0,(anonymous_20)
FNDA:0,(anonymous_21)
FNDA:0,(anonymous_22)
FNDA:0,(anonymous_23)
FNDA:0,(anonymous_24)
DA:10,0
DA:16,0
DA:24,0
DA:25,0
DA:26,0
DA:27,0
DA:30,0
DA:31,0
DA:35,0
DA:36,0
DA:39,0
DA:40,0
DA:42,0
DA:44,0
DA:47,0
DA:48,0
DA:52,0
DA:54,0
DA:58,0
DA:59,0
DA:60,0
DA:61,0
DA:65,0
DA:67,0
DA:69,0
DA:72,0
DA:73,0
DA:79,0
DA:83,0
DA:91,0
DA:92,0
DA:93,0
DA:96,0
DA:99,0
DA:101,0
DA:102,0
DA:103,0
DA:104,0
DA:105,0
DA:108,0
DA:112,0
DA:113,0
DA:114,0
DA:117,0
DA:119,0
DA:121,0
DA:123,0
DA:124,0
DA:126,0
DA:128,0
DA:129,0
DA:138,0
DA:149,0
DA:150,0
DA:153,0
DA:154,0
DA:157,0
DA:164,0
DA:165,0
DA:166,0
DA:167,0
DA:175,0
DA:176,0
DA:179,0
DA:180,0
DA:187,0
DA:188,0
DA:197,0
DA:198,0
DA:199,0
DA:201,0
DA:211,0
DA:218,0
DA:227,0
DA:228,0
DA:231,0
DA:232,0
DA:238,0
DA:242,0
DA:243,0
DA:244,0
DA:248,0
DA:249,0
DA:253,0
DA:254,0
DA:258,0
DA:266,0
DA:267,0
DA:283,0
LF:89
LH:0
BRDA:31,0,0,0
BRDA:35,1,0,0
BRDA:35,1,1,0
BRDA:47,2,0,0
BRDA:47,2,1,0
BRDA:59,3,0,0
BRDA:59,3,1,0
BRDA:72,4,0,0
BRDA:72,4,1,0
BRDA:72,5,0,0
BRDA:72,5,1,0
BRDA:92,6,0,0
BRDA:92,6,1,0
BRDA:102,7,0,0
BRDA:102,7,1,0
BRDA:103,8,0,0
BRDA:103,8,1,0
BRDA:104,9,0,0
BRDA:104,9,1,0
BRDA:105,10,0,0
BRDA:105,10,1,0
BRDA:113,11,0,0
BRDA:113,11,1,0
BRDA:164,12,0,0
BRDA:164,12,1,0
BRDA:175,13,0,0
BRDA:175,13,1,0
BRDA:187,14,0,0
BRDA:187,14,1,0
BRF:29
BRH:0
end_of_record
TN:
SF:src/handlers/ApprovalWorkflowHandler.ts
FN:31,(anonymous_0)
FN:45,(anonymous_1)
FN:58,(anonymous_2)
FN:89,(anonymous_3)
FN:121,(anonymous_4)
FN:242,(anonymous_5)
FN:287,(anonymous_6)
FN:324,(anonymous_7)
FN:350,(anonymous_8)
FNF:9
FNH:7
FNDA:12,(anonymous_0)
FNDA:0,(anonymous_1)
FNDA:17,(anonymous_2)
FNDA:4,(anonymous_3)
FNDA:4,(anonymous_4)
FNDA:3,(anonymous_5)
FNDA:4,(anonymous_6)
FNDA:0,(anonymous_7)
FNDA:1,(anonymous_8)
DA:6,1
DA:7,1
DA:28,1
DA:32,12
DA:33,12
DA:34,12
DA:35,12
DA:38,12
DA:47,0
DA:59,17
DA:62,17
DA:63,17
DA:64,0
DA:65,0
DA:69,17
DA:70,0
DA:71,0
DA:75,17
DA:76,1
DA:77,1
DA:81,16
DA:82,0
DA:83,0
DA:87,16
DA:89,4
DA:93,16
DA:99,16
DA:102,16
DA:108,16
DA:109,16
DA:110,14
DA:122,4
DA:123,4
DA:124,0
DA:125,0
DA:128,4
DA:129,4
DA:130,0
DA:131,0
DA:135,4
DA:136,0
DA:137,0
DA:140,4
DA:143,4
DA:144,4
DA:145,0
DA:149,0
DA:153,4
DA:155,4
DA:157,3
DA:158,3
DA:160,3
DA:162,3
DA:163,3
DA:164,3
DA:165,3
DA:172,3
DA:178,3
DA:181,3
DA:188,3
DA:191,3
DA:199,1
DA:200,1
DA:202,1
DA:204,1
DA:205,2
DA:206,2
DA:207,1
DA:210,1
DA:216,1
DA:223,1
DA:226,1
DA:235,4
DA:243,3
DA:246,3
DA:247,3
DA:248,1
DA:249,1
DA:253,2
DA:254,1
DA:255,1
DA:259,1
DA:262,1
DA:263,1
DA:264,1
DA:272,1
DA:277,1
DA:280,1
DA:288,4
DA:291,4
DA:294,4
DA:295,4
DA:296,4
DA:304,4
DA:305,4
DA:306,4
DA:307,4
DA:308,4
DA:312,4
DA:317,4
DA:325,0
DA:326,0
DA:328,0
DA:331,0
DA:334,0
DA:335,0
DA:336,0
DA:344,0
DA:351,1
LF:109
LH:86
BRDA:38,0,0,12
BRDA:38,0,1,0
BRDA:63,1,0,0
BRDA:63,1,1,17
BRDA:69,2,0,0
BRDA:69,2,1,17
BRDA:75,3,0,1
BRDA:75,3,1,16
BRDA:81,4,0,0
BRDA:81,4,1,16
BRDA:109,5,0,14
BRDA:109,5,1,2
BRDA:123,6,0,0
BRDA:123,6,1,4
BRDA:129,7,0,0
BRDA:129,7,1,4
BRDA:135,8,0,0
BRDA:135,8,1,4
BRDA:144,9,0,0
BRDA:144,9,1,4
BRDA:155,10,0,3
BRDA:155,10,1,1
BRDA:158,11,0,3
BRDA:158,11,1,0
BRDA:160,12,0,3
BRDA:160,12,1,0
BRDA:164,13,0,3
BRDA:164,13,1,0
BRDA:164,14,0,3
BRDA:164,14,1,3
BRDA:200,15,0,1
BRDA:200,15,1,0
BRDA:202,16,0,1
BRDA:202,16,1,0
BRDA:206,17,0,1
BRDA:206,17,1,1
BRDA:206,18,0,2
BRDA:206,18,1,1
BRDA:208,19,0,1
BRDA:208,19,1,0
BRDA:247,20,0,1
BRDA:247,20,1,2
BRDA:253,21,0,1
BRDA:253,21,1,1
BRDA:253,22,0,2
BRDA:253,22,1,1
BRDA:263,23,0,1
BRDA:263,23,1,0
BRDA:295,24,0,4
BRDA:295,24,1,0
BRDA:305,25,0,4
BRDA:305,25,1,0
BRDA:307,26,0,4
BRDA:307,26,1,0
BRDA:326,27,0,0
BRDA:326,27,1,0
BRDA:335,28,0,0
BRDA:335,28,1,0
BRF:58
BRH:36
end_of_record
TN:
SF:src/handlers/NamespaceEventHandlers.ts
FN:36,(anonymous_0)
FN:47,(anonymous_1)
FN:60,(anonymous_2)
FN:68,(anonymous_3)
FN:73,(anonymous_4)
FN:122,(anonymous_5)
FN:155,(anonymous_6)
FN:164,(anonymous_7)
FN:170,(anonymous_8)
FN:179,(anonymous_9)
FN:192,(anonymous_10)
FN:193,(anonymous_11)
FN:224,(anonymous_12)
FN:235,(anonymous_13)
FN:280,(anonymous_14)
FN:306,(anonymous_15)
FN:308,(anonymous_16)
FN:311,(anonymous_17)
FN:316,(anonymous_18)
FN:318,(anonymous_19)
FN:327,(anonymous_20)
FN:329,(anonymous_21)
FN:332,(anonymous_22)
FN:334,(anonymous_23)
FN:338,(anonymous_24)
FN:340,(anonymous_25)
FN:344,(anonymous_26)
FN:365,(anonymous_27)
FN:377,(anonymous_28)
FN:389,(anonymous_29)
FN:410,(anonymous_30)
FN:412,(anonymous_31)
FN:415,(anonymous_32)
FN:423,(anonymous_33)
FN:426,(anonymous_34)
FN:434,(anonymous_35)
FN:438,(anonymous_36)
FN:440,(anonymous_37)
FN:444,(anonymous_38)
FN:446,(anonymous_39)
FN:449,(anonymous_40)
FN:451,(anonymous_41)
FN:454,(anonymous_42)
FN:456,(anonymous_43)
FN:459,(anonymous_44)
FN:461,(anonymous_45)
FN:464,(anonymous_46)
FN:466,(anonymous_47)
FN:469,(anonymous_48)
FN:471,(anonymous_49)
FN:474,(anonymous_50)
FN:476,(anonymous_51)
FN:480,(anonymous_52)
FN:485,(anonymous_53)
FN:489,(anonymous_54)
FN:494,(anonymous_55)
FN:496,(anonymous_56)
FN:500,(anonymous_57)
FN:502,(anonymous_58)
FN:505,(anonymous_59)
FN:510,(anonymous_60)
FN:526,(anonymous_61)
FN:527,(anonymous_62)
FN:540,(anonymous_63)
FN:555,(anonymous_64)
FN:570,(anonymous_65)
FN:572,(anonymous_66)
FN:574,(anonymous_67)
FN:578,(anonymous_68)
FN:580,(anonymous_69)
FN:584,(anonymous_70)
FN:600,(anonymous_71)
FN:601,(anonymous_72)
FN:608,(anonymous_73)
FN:619,(anonymous_74)
FN:630,(anonymous_75)
FN:644,(anonymous_76)
FN:662,(anonymous_77)
FNF:78
FNH:0
FNDA:0,(anonymous_0)
FNDA:0,(anonymous_1)
FNDA:0,(anonymous_2)
FNDA:0,(anonymous_3)
FNDA:0,(anonymous_4)
FNDA:0,(anonymous_5)
FNDA:0,(anonymous_6)
FNDA:0,(anonymous_7)
FNDA:0,(anonymous_8)
FNDA:0,(anonymous_9)
FNDA:0,(anonymous_10)
FNDA:0,(anonymous_11)
FNDA:0,(anonymous_12)
FNDA:0,(anonymous_13)
FNDA:0,(anonymous_14)
FNDA:0,(anonymous_15)
FNDA:0,(anonymous_16)
FNDA:0,(anonymous_17)
FNDA:0,(anonymous_18)
FNDA:0,(anonymous_19)
FNDA:0,(anonymous_20)
FNDA:0,(anonymous_21)
FNDA:0,(anonymous_22)
FNDA:0,(anonymous_23)
FNDA:0,(anonymous_24)
FNDA:0,(anonymous_25)
FNDA:0,(anonymous_26)
FNDA:0,(anonymous_27)
FNDA:0,(anonymous_28)
FNDA:0,(anonymous_29)
FNDA:0,(anonymous_30)
FNDA:0,(anonymous_31)
FNDA:0,(anonymous_32)
FNDA:0,(anonymous_33)
FNDA:0,(anonymous_34)
FNDA:0,(anonymous_35)
FNDA:0,(anonymous_36)
FNDA:0,(anonymous_37)
FNDA:0,(anonymous_38)
FNDA:0,(anonymous_39)
FNDA:0,(anonymous_40)
FNDA:0,(anonymous_41)
FNDA:0,(anonymous_42)
FNDA:0,(anonymous_43)
FNDA:0,(anonymous_44)
FNDA:0,(anonymous_45)
FNDA:0,(anonymous_46)
FNDA:0,(anonymous_47)
FNDA:0,(anonymous_48)
FNDA:0,(anonymous_49)
FNDA:0,(anonymous_50)
FNDA:0,(anonymous_51)
FNDA:0,(anonymous_52)
FNDA:0,(anonymous_53)
FNDA:0,(anonymous_54)
FNDA:0,(anonymous_55)
FNDA:0,(anonymous_56)
FNDA:0,(anonymous_57)
FNDA:0,(anonymous_58)
FNDA:0,(anonymous_59)
FNDA:0,(anonymous_60)
FNDA:0,(anonymous_61)
FNDA:0,(anonymous_62)
FNDA:0,(anonymous_63)
FNDA:0,(anonymous_64)
FNDA:0,(anonymous_65)
FNDA:0,(anonymous_66)
FNDA:0,(anonymous_67)
FNDA:0,(anonymous_68)
FNDA:0,(anonymous_69)
FNDA:0,(anonymous_70)
FNDA:0,(anonymous_71)
FNDA:0,(anonymous_72)
FNDA:0,(anonymous_73)
FNDA:0,(anonymous_74)
FNDA:0,(anonymous_75)
FNDA:0,(anonymous_76)
FNDA:0,(anonymous_77)
DA:8,0
DA:9,0
DA:10,0
DA:11,0
DA:12,0
DA:30,0
DA:31,0
DA:32,0
DA:33,0
DA:37,0
DA:38,0
DA:39,0
DA:41,0
DA:52,0
DA:53,0
DA:54,0
DA:61,0
DA:73,0
DA:74,0
DA:76,0
DA:77,0
DA:79,0
DA:80,0
DA:81,0
DA:84,0
DA:87,0
DA:88,0
DA:96,0
DA:112,0
DA:113,0
DA:123,0
DA:125,0
DA:126,0
DA:129,0
DA:130,0
DA:133,0
DA:134,0
DA:137,0
DA:138,0
DA:141,0
DA:142,0
DA:145,0
DA:146,0
DA:149,0
DA:156,0
DA:163,0
DA:164,0
DA:171,0
DA:172,0
DA:175,0
DA:178,0
DA:179,0
DA:180,0
DA:181,0
DA:185,0
DA:193,0
DA:194,0
DA:196,0
DA:203,0
DA:204,0
DA:205,0
DA:206,0
DA:211,0
DA:212,0
DA:213,0
DA:217,0
DA:222,0
DA:224,0
DA:225,0
DA:226,0
DA:227,0
DA:233,0
DA:235,0
DA:236,0
DA:237,0
DA:239,0
DA:247,0
DA:249,0
DA:250,0
DA:253,0
DA:254,0
DA:258,0
DA:259,0
DA:260,0
DA:264,0
DA:267,0
DA:280,0
DA:281,0
DA:289,0
DA:308,0
DA:309,0
DA:311,0
DA:316,0
DA:317,0
DA:319,0
DA:320,0
DA:321,0
DA:327,0
DA:328,0
DA:329,0
DA:332,0
DA:333,0
DA:334,0
DA:338,0
DA:339,0
DA:340,0
DA:344,0
DA:345,0
DA:351,0
DA:352,0
DA:353,0
DA:354,0
DA:358,0
DA:361,0
DA:362,0
DA:365,0
DA:366,0
DA:367,0
DA:368,0
DA:372,0
DA:374,0
DA:377,0
DA:378,0
DA:379,0
DA:380,0
DA:384,0
DA:386,0
DA:389,0
DA:390,0
DA:396,0
DA:397,0
DA:398,0
DA:399,0
DA:403,0
DA:406,0
DA:407,0
DA:410,0
DA:411,0
DA:412,0
DA:415,0
DA:416,0
DA:422,0
DA:423,0
DA:426,0
DA:427,0
DA:433,0
DA:434,0
DA:438,0
DA:439,0
DA:440,0
DA:444,0
DA:445,0
DA:446,0
DA:449,0
DA:450,0
DA:451,0
DA:454,0
DA:455,0
DA:456,0
DA:459,0
DA:460,0
DA:461,0
DA:464,0
DA:465,0
DA:466,0
DA:469,0
DA:470,0
DA:471,0
DA:474,0
DA:475,0
DA:476,0
DA:480,0
DA:481,0
DA:485,0
DA:486,0
DA:489,0
DA:490,0
DA:494,0
DA:495,0
DA:496,0
DA:500,0
DA:501,0
DA:502,0
DA:505,0
DA:506,0
DA:510,0
DA:512,0
DA:513,0
DA:527,0
DA:528,0
DA:535,0
DA:538,0
DA:540,0
DA:541,0
DA:549,0
DA:552,0
DA:555,0
DA:556,0
DA:572,0
DA:573,0
DA:574,0
DA:578,0
DA:579,0
DA:580,0
DA:584,0
DA:586,0
DA:587,0
DA:601,0
DA:602,0
DA:608,0
DA:610,0
DA:611,0
DA:619,0
DA:620,0
DA:627,0
DA:630,0
DA:631,0
DA:649,0
DA:650,0
DA:652,0
DA:663,0
LF:221
LH:0
BRDA:80,0,0,0
BRDA:80,0,1,0
BRDA:87,1,0,0
BRDA:87,1,1,0
BRDA:112,2,0,0
BRDA:112,2,1,0
BRDA:125,3,0,0
BRDA:125,3,1,0
BRDA:125,4,0,0
BRDA:125,4,1,0
BRDA:129,5,0,0
BRDA:129,5,1,0
BRDA:129,6,0,0
BRDA:129,6,1,0
BRDA:133,7,0,0
BRDA:133,7,1,0
BRDA:133,8,0,0
BRDA:133,8,1,0
BRDA:137,9,0,0
BRDA:137,9,1,0
BRDA:137,10,0,0
BRDA:137,10,1,0
BRDA:137,10,2,0
BRDA:141,11,0,0
BRDA:141,11,1,0
BRDA:141,12,0,0
BRDA:141,12,1,0
BRDA:145,13,0,0
BRDA:145,13,1,0
BRDA:145,14,0,0
BRDA:145,14,1,0
BRDA:171,15,0,0
BRDA:171,15,1,0
BRDA:171,16,0,0
BRDA:171,16,1,0
BRDA:180,17,0,0
BRDA:180,17,1,0
BRDA:203,18,0,0
BRDA:203,18,1,0
BRDA:205,19,0,0
BRDA:205,19,1,0
BRDA:211,20,0,0
BRDA:211,20,1,0
BRDA:222,21,0,0
BRDA:222,21,1,0
BRDA:226,22,0,0
BRDA:226,22,1,0
BRDA:249,23,0,0
BRDA:249,23,1,0
BRDA:253,24,0,0
BRDA:253,24,1,0
BRDA:259,25,0,0
BRDA:259,25,1,0
BRDA:291,26,0,0
BRDA:291,26,1,0
BRDA:292,27,0,0
BRDA:292,27,1,0
BRDA:320,28,0,0
BRDA:320,28,1,0
BRDA:321,29,0,0
BRDA:321,29,1,0
BRDA:352,30,0,0
BRDA:352,30,1,0
BRDA:367,31,0,0
BRDA:367,31,1,0
BRDA:379,32,0,0
BRDA:379,32,1,0
BRDA:397,33,0,0
BRDA:397,33,1,0
BRDA:512,34,0,0
BRDA:512,34,1,0
BRDA:512,35,0,0
BRDA:512,35,1,0
BRDA:512,35,2,0
BRDA:586,36,0,0
BRDA:586,36,1,0
BRDA:586,37,0,0
BRDA:586,37,1,0
BRDA:586,37,2,0
BRDA:610,38,0,0
BRDA:610,38,1,0
BRDA:610,39,0,0
BRDA:610,39,1,0
BRDA:610,39,2,0
BRF:84
BRH:0
end_of_record
TN:
SF:src/handlers/RoomLifecycleHandler.ts
FN:24,(anonymous_0)
FN:37,(anonymous_1)
FN:55,(anonymous_2)
FN:79,(anonymous_3)
FN:98,(anonymous_4)
FN:151,(anonymous_5)
FN:201,(anonymous_6)
FN:206,(anonymous_7)
FN:213,(anonymous_8)
FN:225,(anonymous_9)
FN:230,(anonymous_10)
FN:237,(anonymous_11)
FN:249,(anonymous_12)
FN:316,(anonymous_13)
FN:367,(anonymous_14)
FN:569,(anonymous_15)
FN:661,(anonymous_16)
FNF:17
FNH:0
FNDA:0,(anonymous_0)
FNDA:0,(anonymous_1)
FNDA:0,(anonymous_2)
FNDA:0,(anonymous_3)
FNDA:0,(anonymous_4)
FNDA:0,(anonymous_5)
FNDA:0,(anonymous_6)
FNDA:0,(anonymous_7)
FNDA:0,(anonymous_8)
FNDA:0,(anonymous_9)
FNDA:0,(anonymous_10)
FNDA:0,(anonymous_11)
FNDA:0,(anonymous_12)
FNDA:0,(anonymous_13)
FNDA:0,(anonymous_14)
FNDA:0,(anonymous_15)
FNDA:0,(anonymous_16)
DA:5,0
DA:21,0
DA:25,0
DA:26,0
DA:27,0
DA:28,0
DA:30,0
DA:38,0
DA:39,0
DA:41,0
DA:42,0
DA:43,0
DA:45,0
DA:46,0
DA:49,0
DA:56,0
DA:57,0
DA:59,0
DA:60,0
DA:63,0
DA:66,0
DA:69,0
DA:71,0
DA:74,0
DA:79,0
DA:81,0
DA:83,0
DA:88,0
DA:92,0
DA:100,0
DA:101,0
DA:102,0
DA:103,0
DA:107,0
DA:110,0
DA:111,0
DA:112,0
DA:113,0
DA:114,0
DA:115,0
DA:118,0
DA:119,0
DA:123,0
DA:124,0
DA:125,0
DA:126,0
DA:127,0
DA:133,0
DA:134,0
DA:135,0
DA:142,0
DA:152,0
DA:153,0
DA:156,0
DA:157,0
DA:158,0
DA:159,0
DA:163,0
DA:164,0
DA:165,0
DA:166,0
DA:167,0
DA:168,0
DA:171,0
DA:172,0
DA:176,0
DA:177,0
DA:178,0
DA:179,0
DA:180,0
DA:186,0
DA:193,0
DA:202,0
DA:203,0
DA:206,0
DA:207,0
DA:210,0
DA:213,0
DA:214,0
DA:215,0
DA:226,0
DA:227,0
DA:230,0
DA:231,0
DA:234,0
DA:237,0
DA:238,0
DA:239,0
DA:251,0
DA:254,0
DA:255,0
DA:256,0
DA:261,0
DA:264,0
DA:266,0
DA:267,0
DA:276,0
DA:277,0
DA:280,0
DA:281,0
DA:285,0
DA:295,0
DA:305,0
DA:306,0
DA:318,0
DA:319,0
DA:322,0
DA:330,0
DA:331,0
DA:332,0
DA:335,0
DA:336,0
DA:339,0
DA:340,0
DA:343,0
DA:353,0
DA:368,0
DA:370,0
DA:371,0
DA:372,0
DA:373,0
DA:377,0
DA:378,0
DA:379,0
DA:382,0
DA:384,0
DA:386,0
DA:388,0
DA:389,0
DA:392,0
DA:393,0
DA:395,0
DA:399,0
DA:402,0
DA:409,0
DA:412,0
DA:415,0
DA:423,0
DA:426,0
DA:435,0
DA:436,0
DA:437,0
DA:440,0
DA:442,0
DA:444,0
DA:447,0
DA:448,0
DA:450,0
DA:453,0
DA:454,0
DA:455,0
DA:457,0
DA:464,0
DA:471,0
DA:473,0
DA:475,0
DA:476,0
DA:478,0
DA:481,0
DA:482,0
DA:484,0
DA:487,0
DA:488,0
DA:489,0
DA:491,0
DA:498,0
DA:505,0
DA:507,0
DA:509,0
DA:516,0
DA:518,0
DA:520,0
DA:528,0
DA:529,0
DA:530,0
DA:536,0
DA:539,0
DA:540,0
DA:543,0
DA:545,0
DA:552,0
DA:559,0
DA:561,0
DA:570,0
DA:571,0
DA:572,0
DA:575,0
DA:576,0
DA:577,0
DA:580,0
DA:581,0
DA:584,0
DA:585,0
DA:588,0
DA:589,0
DA:591,0
DA:598,0
DA:601,0
DA:602,0
DA:605,0
DA:606,0
DA:610,0
DA:612,0
DA:613,0
DA:617,0
DA:618,0
DA:621,0
DA:623,0
DA:624,0
DA:625,0
DA:627,0
DA:628,0
DA:629,0
DA:630,0
DA:633,0
DA:636,0
DA:637,0
DA:639,0
DA:642,0
DA:649,0
DA:654,0
DA:655,0
DA:662,0
DA:663,0
DA:665,0
DA:666,0
DA:670,0
DA:673,0
DA:674,0
DA:675,0
DA:679,0
DA:682,0
DA:683,0
DA:684,0
DA:688,0
DA:692,0
DA:694,0
DA:695,0
DA:699,0
DA:703,0
DA:704,0
DA:707,0
DA:709,0
DA:710,0
DA:711,0
DA:713,0
DA:714,0
DA:715,0
DA:716,0
DA:719,0
DA:722,0
DA:723,0
DA:725,0
DA:728,0
DA:735,0
DA:740,0
LF:256
LH:0
BRDA:39,0,0,0
BRDA:39,0,1,0
BRDA:55,1,0,0
BRDA:57,2,0,0
BRDA:57,2,1,0
BRDA:60,3,0,0
BRDA:60,3,1,0
BRDA:69,4,0,0
BRDA:69,4,1,0
BRDA:71,5,0,0
BRDA:71,5,1,0
BRDA:81,6,0,0
BRDA:81,6,1,0
BRDA:101,7,0,0
BRDA:101,7,1,0
BRDA:110,8,0,0
BRDA:110,8,1,0
BRDA:124,9,0,0
BRDA:124,9,1,0
BRDA:126,10,0,0
BRDA:126,10,1,0
BRDA:134,11,0,0
BRDA:134,11,1,0
BRDA:153,12,0,0
BRDA:153,12,1,0
BRDA:157,13,0,0
BRDA:157,13,1,0
BRDA:163,14,0,0
BRDA:163,14,1,0
BRDA:177,15,0,0
BRDA:177,15,1,0
BRDA:179,16,0,0
BRDA:179,16,1,0
BRDA:203,17,0,0
BRDA:203,17,1,0
BRDA:207,18,0,0
BRDA:207,18,1,0
BRDA:227,19,0,0
BRDA:227,19,1,0
BRDA:231,20,0,0
BRDA:231,20,1,0
BRDA:255,21,0,0
BRDA:255,21,1,0
BRDA:264,22,0,0
BRDA:264,23,0,0
BRDA:280,24,0,0
BRDA:280,24,1,0
BRDA:318,25,0,0
BRDA:318,25,1,0
BRDA:339,26,0,0
BRDA:339,26,1,0
BRDA:371,27,0,0
BRDA:371,27,1,0
BRDA:384,28,0,0
BRDA:384,28,1,0
BRDA:389,29,0,0
BRDA:389,29,1,0
BRDA:393,30,0,0
BRDA:393,30,1,0
BRDA:405,31,0,0
BRDA:405,31,1,0
BRDA:406,32,0,0
BRDA:406,32,1,0
BRDA:409,33,0,0
BRDA:409,33,1,0
BRDA:418,34,0,0
BRDA:418,34,1,0
BRDA:419,35,0,0
BRDA:419,35,1,0
BRDA:429,36,0,0
BRDA:429,36,1,0
BRDA:430,37,0,0
BRDA:430,37,1,0
BRDA:442,38,0,0
BRDA:442,38,1,0
BRDA:448,39,0,0
BRDA:448,39,1,0
BRDA:473,40,0,0
BRDA:473,40,1,0
BRDA:482,41,0,0
BRDA:482,41,1,0
BRDA:507,42,0,0
BRDA:507,42,1,0
BRDA:507,43,0,0
BRDA:507,43,1,0
BRDA:529,44,0,0
BRDA:529,44,1,0
BRDA:569,45,0,0
BRDA:571,46,0,0
BRDA:571,46,1,0
BRDA:576,47,0,0
BRDA:576,47,1,0
BRDA:584,48,0,0
BRDA:584,48,1,0
BRDA:589,49,0,0
BRDA:589,49,1,0
BRDA:605,50,0,0
BRDA:605,50,1,0
BRDA:610,51,0,0
BRDA:610,51,1,0
BRDA:621,52,0,0
BRDA:621,52,1,0
BRDA:624,53,0,0
BRDA:624,53,1,0
BRDA:637,54,0,0
BRDA:637,54,1,0
BRDA:665,55,0,0
BRDA:665,55,1,0
BRDA:665,56,0,0
BRDA:665,56,1,0
BRDA:674,57,0,0
BRDA:674,57,1,0
BRDA:683,58,0,0
BRDA:683,58,1,0
BRDA:694,59,0,0
BRDA:694,59,1,0
BRDA:703,60,0,0
BRDA:703,60,1,0
BRDA:707,61,0,0
BRDA:707,61,1,0
BRDA:710,62,0,0
BRDA:710,62,1,0
BRDA:723,63,0,0
BRDA:723,63,1,0
BRF:124
BRH:0
end_of_record
TN:
SF:src/handlers/VoiceConnectionHandler.ts
FN:30,(anonymous_0)
FN:36,(anonymous_1)
FN:44,(anonymous_2)
FN:85,(anonymous_3)
FN:120,(anonymous_4)
FN:148,(anonymous_5)
FN:177,(anonymous_6)
FN:187,(anonymous_7)
FN:195,(anonymous_8)
FN:199,(anonymous_9)
FN:208,(anonymous_10)
FN:211,(anonymous_11)
FN:215,(anonymous_12)
FN:225,(anonymous_13)
FN:240,(anonymous_14)
FN:258,(anonymous_15)
FN:272,(anonymous_16)
FN:316,(anonymous_17)
FN:355,(anonymous_18)
FN:388,(anonymous_19)
FN:417,(anonymous_20)
FN:426,(anonymous_21)
FN:440,(anonymous_22)
FN:458,(anonymous_23)
FN:471,(anonymous_24)
FN:496,(anonymous_25)
FN:504,(anonymous_26)
FN:529,(anonymous_27)
FN:546,(anonymous_28)
FN:568,(anonymous_29)
FN:573,(anonymous_30)
FN:579,(anonymous_31)
FN:597,(anonymous_32)
FN:617,(anonymous_33)
FN:621,(anonymous_34)
FN:624,(anonymous_35)
FN:631,(anonymous_36)
FN:646,(anonymous_37)
FN:663,(anonymous_38)
FN:672,(anonymous_39)
FN:675,(anonymous_40)
FN:679,(anonymous_41)
FN:689,(anonymous_42)
FN:708,(anonymous_43)
FN:730,(anonymous_44)
FN:735,(anonymous_45)
FN:741,(anonymous_46)
FN:760,(anonymous_47)
FN:780,(anonymous_48)
FNF:49
FNH:0
FNDA:0,(anonymous_0)
FNDA:0,(anonymous_1)
FNDA:0,(anonymous_2)
FNDA:0,(anonymous_3)
FNDA:0,(anonymous_4)
FNDA:0,(anonymous_5)
FNDA:0,(anonymous_6)
FNDA:0,(anonymous_7)
FNDA:0,(anonymous_8)
FNDA:0,(anonymous_9)
FNDA:0,(anonymous_10)
FNDA:0,(anonymous_11)
FNDA:0,(anonymous_12)
FNDA:0,(anonymous_13)
FNDA:0,(anonymous_14)
FNDA:0,(anonymous_15)
FNDA:0,(anonymous_16)
FNDA:0,(anonymous_17)
FNDA:0,(anonymous_18)
FNDA:0,(anonymous_19)
FNDA:0,(anonymous_20)
FNDA:0,(anonymous_21)
FNDA:0,(anonymous_22)
FNDA:0,(anonymous_23)
FNDA:0,(anonymous_24)
FNDA:0,(anonymous_25)
FNDA:0,(anonymous_26)
FNDA:0,(anonymous_27)
FNDA:0,(anonymous_28)
FNDA:0,(anonymous_29)
FNDA:0,(anonymous_30)
FNDA:0,(anonymous_31)
FNDA:0,(anonymous_32)
FNDA:0,(anonymous_33)
FNDA:0,(anonymous_34)
FNDA:0,(anonymous_35)
FNDA:0,(anonymous_36)
FNDA:0,(anonymous_37)
FNDA:0,(anonymous_38)
FNDA:0,(anonymous_39)
FNDA:0,(anonymous_40)
FNDA:0,(anonymous_41)
FNDA:0,(anonymous_42)
FNDA:0,(anonymous_43)
FNDA:0,(anonymous_44)
FNDA:0,(anonymous_45)
FNDA:0,(anonymous_46)
FNDA:0,(anonymous_47)
FNDA:0,(anonymous_48)
DA:27,0
DA:28,0
DA:31,0
DA:32,0
DA:33,0
DA:37,0
DA:38,0
DA:40,0
DA:45,0
DA:46,0
DA:47,0
DA:48,0
DA:51,0
DA:52,0
DA:54,0
DA:58,0
DA:59,0
DA:60,0
DA:61,0
DA:62,0
DA:68,0
DA:70,0
DA:74,0
DA:81,0
DA:86,0
DA:87,0
DA:88,0
DA:89,0
DA:92,0
DA:95,0
DA:96,0
DA:97,0
DA:98,0
DA:99,0
DA:104,0
DA:106,0
DA:110,0
DA:116,0
DA:121,0
DA:122,0
DA:123,0
DA:127,0
DA:128,0
DA:129,0
DA:130,0
DA:131,0
DA:139,0
DA:149,0
DA:150,0
DA:151,0
DA:152,0
DA:155,0
DA:157,0
DA:158,0
DA:161,0
DA:169,0
DA:176,0
DA:177,0
DA:186,0
DA:187,0
DA:194,0
DA:195,0
DA:200,0
DA:201,0
DA:202,0
DA:203,0
DA:206,0
DA:207,0
DA:208,0
DA:210,0
DA:211,0
DA:214,0
DA:215,0
DA:225,0
DA:226,0
DA:227,0
DA:228,0
DA:229,0
DA:230,0
DA:241,0
DA:242,0
DA:243,0
DA:244,0
DA:247,0
DA:248,0
DA:249,0
DA:252,0
DA:257,0
DA:258,0
DA:265,0
DA:273,0
DA:274,0
DA:275,0
DA:276,0
DA:279,0
DA:280,0
DA:282,0
DA:285,0
DA:286,0
DA:287,0
DA:288,0
DA:289,0
DA:290,0
DA:296,0
DA:297,0
DA:303,0
DA:310,0
DA:317,0
DA:318,0
DA:319,0
DA:320,0
DA:323,0
DA:326,0
DA:327,0
DA:328,0
DA:329,0
DA:330,0
DA:331,0
DA:336,0
DA:337,0
DA:343,0
DA:349,0
DA:356,0
DA:357,0
DA:360,0
DA:361,0
DA:362,0
DA:363,0
DA:364,0
DA:365,0
DA:370,0
DA:376,0
DA:389,0
DA:390,0
DA:391,0
DA:392,0
DA:395,0
DA:397,0
DA:398,0
DA:401,0
DA:410,0
DA:416,0
DA:417,0
DA:425,0
DA:426,0
DA:433,0
DA:434,0
DA:441,0
DA:442,0
DA:443,0
DA:444,0
DA:447,0
DA:448,0
DA:449,0
DA:452,0
DA:457,0
DA:458,0
DA:465,0
DA:472,0
DA:474,0
DA:475,0
DA:477,0
DA:478,0
DA:479,0
DA:480,0
DA:481,0
DA:484,0
DA:489,0
DA:497,0
DA:498,0
DA:505,0
DA:507,0
DA:508,0
DA:510,0
DA:511,0
DA:512,0
DA:513,0
DA:514,0
DA:517,0
DA:522,0
DA:530,0
DA:531,0
DA:532,0
DA:533,0
DA:536,0
DA:537,0
DA:538,0
DA:540,0
DA:547,0
DA:548,0
DA:549,0
DA:550,0
DA:553,0
DA:554,0
DA:556,0
DA:559,0
DA:560,0
DA:561,0
DA:562,0
DA:563,0
DA:567,0
DA:569,0
DA:573,0
DA:575,0
DA:576,0
DA:579,0
DA:580,0
DA:581,0
DA:582,0
DA:583,0
DA:584,0
DA:598,0
DA:599,0
DA:600,0
DA:601,0
DA:604,0
DA:607,0
DA:618,0
DA:619,0
DA:621,0
DA:622,0
DA:624,0
DA:625,0
DA:626,0
DA:631,0
DA:632,0
DA:633,0
DA:637,0
DA:638,0
DA:647,0
DA:648,0
DA:649,0
DA:650,0
DA:653,0
DA:654,0
DA:655,0
DA:657,0
DA:664,0
DA:665,0
DA:666,0
DA:667,0
DA:670,0
DA:671,0
DA:672,0
DA:674,0
DA:675,0
DA:678,0
DA:679,0
DA:689,0
DA:691,0
DA:692,0
DA:693,0
DA:694,0
DA:699,0
DA:709,0
DA:710,0
DA:711,0
DA:712,0
DA:715,0
DA:716,0
DA:718,0
DA:721,0
DA:722,0
DA:723,0
DA:724,0
DA:725,0
DA:729,0
DA:731,0
DA:735,0
DA:737,0
DA:738,0
DA:741,0
DA:743,0
DA:744,0
DA:745,0
DA:746,0
DA:750,0
DA:761,0
DA:762,0
DA:763,0
DA:764,0
DA:767,0
DA:770,0
DA:781,0
DA:782,0
LF:285
LH:0
BRDA:37,0,0,0
BRDA:37,0,1,0
BRDA:46,1,0,0
BRDA:46,1,1,0
BRDA:46,2,0,0
BRDA:46,2,1,0
BRDA:52,3,0,0
BRDA:52,3,1,0
BRDA:59,4,0,0
BRDA:59,4,1,0
BRDA:61,5,0,0
BRDA:61,5,1,0
BRDA:87,6,0,0
BRDA:87,6,1,0
BRDA:87,7,0,0
BRDA:87,7,1,0
BRDA:96,8,0,0
BRDA:96,8,1,0
BRDA:98,9,0,0
BRDA:98,9,1,0
BRDA:122,10,0,0
BRDA:122,10,1,0
BRDA:122,11,0,0
BRDA:122,11,1,0
BRDA:128,12,0,0
BRDA:128,12,1,0
BRDA:130,13,0,0
BRDA:130,13,1,0
BRDA:150,14,0,0
BRDA:150,14,1,0
BRDA:150,15,0,0
BRDA:150,15,1,0
BRDA:201,16,0,0
BRDA:201,16,1,0
BRDA:201,17,0,0
BRDA:201,17,1,0
BRDA:227,18,0,0
BRDA:227,18,1,0
BRDA:229,19,0,0
BRDA:229,19,1,0
BRDA:232,20,0,0
BRDA:232,20,1,0
BRDA:242,21,0,0
BRDA:242,21,1,0
BRDA:274,22,0,0
BRDA:274,22,1,0
BRDA:274,23,0,0
BRDA:274,23,1,0
BRDA:280,24,0,0
BRDA:280,24,1,0
BRDA:287,25,0,0
BRDA:287,25,1,0
BRDA:289,26,0,0
BRDA:289,26,1,0
BRDA:318,27,0,0
BRDA:318,27,1,0
BRDA:318,28,0,0
BRDA:318,28,1,0
BRDA:328,29,0,0
BRDA:328,29,1,0
BRDA:330,30,0,0
BRDA:330,30,1,0
BRDA:357,31,0,0
BRDA:357,31,1,0
BRDA:357,32,0,0
BRDA:357,32,1,0
BRDA:362,33,0,0
BRDA:362,33,1,0
BRDA:364,34,0,0
BRDA:364,34,1,0
BRDA:390,35,0,0
BRDA:390,35,1,0
BRDA:390,36,0,0
BRDA:390,36,1,0
BRDA:442,37,0,0
BRDA:442,37,1,0
BRDA:472,38,0,0
BRDA:472,38,1,0
BRDA:472,39,0,0
BRDA:472,39,1,0
BRDA:472,39,2,0
BRDA:475,40,0,0
BRDA:475,40,1,0
BRDA:475,41,0,0
BRDA:475,41,1,0
BRDA:479,42,0,0
BRDA:479,42,1,0
BRDA:505,43,0,0
BRDA:505,43,1,0
BRDA:505,44,0,0
BRDA:505,44,1,0
BRDA:505,44,2,0
BRDA:508,45,0,0
BRDA:508,45,1,0
BRDA:508,46,0,0
BRDA:508,46,1,0
BRDA:512,47,0,0
BRDA:512,47,1,0
BRDA:531,48,0,0
BRDA:531,48,1,0
BRDA:548,49,0,0
BRDA:548,49,1,0
BRDA:548,50,0,0
BRDA:548,50,1,0
BRDA:561,51,0,0
BRDA:561,51,1,0
BRDA:569,52,0,0
BRDA:569,52,1,0
BRDA:569,52,2,0
BRDA:575,53,0,0
BRDA:575,53,1,0
BRDA:581,54,0,0
BRDA:581,54,1,0
BRDA:583,55,0,0
BRDA:583,55,1,0
BRDA:599,56,0,0
BRDA:599,56,1,0
BRDA:599,57,0,0
BRDA:599,57,1,0
BRDA:625,58,0,0
BRDA:625,58,1,0
BRDA:625,59,0,0
BRDA:625,59,1,0
BRDA:637,60,0,0
BRDA:637,60,1,0
BRDA:648,61,0,0
BRDA:648,61,1,0
BRDA:665,62,0,0
BRDA:665,62,1,0
BRDA:665,63,0,0
BRDA:665,63,1,0
BRDA:693,64,0,0
BRDA:693,64,1,0
BRDA:693,65,0,0
BRDA:693,65,1,0
BRDA:696,66,0,0
BRDA:696,66,1,0
BRDA:710,67,0,0
BRDA:710,67,1,0
BRDA:710,68,0,0
BRDA:710,68,1,0
BRDA:723,69,0,0
BRDA:723,69,1,0
BRDA:731,70,0,0
BRDA:731,70,1,0
BRDA:731,70,2,0
BRDA:737,71,0,0
BRDA:737,71,1,0
BRDA:745,72,0,0
BRDA:745,72,1,0
BRDA:745,73,0,0
BRDA:745,73,1,0
BRDA:762,74,0,0
BRDA:762,74,1,0
BRDA:762,75,0,0
BRDA:762,75,1,0
BRF:156
BRH:0
end_of_record
TN:
SF:src/middleware/compression.ts
FN:5,(anonymous_1)
FNF:1
FNH:0
FNDA:0,(anonymous_1)
DA:1,0
DA:4,0
DA:7,0
DA:8,0
DA:12,0
LF:5
LH:0
BRDA:7,0,0,0
BRDA:7,0,1,0
BRF:2
BRH:0
end_of_record
TN:
SF:src/middleware/cors.ts
FN:5,(anonymous_1)
FN:60,(anonymous_2)
FNF:2
FNH:0
FNDA:0,(anonymous_1)
FNDA:0,(anonymous_2)
DA:1,0
DA:2,0
DA:4,0
DA:7,0
DA:8,0
DA:9,0
DA:10,0
DA:11,0
DA:13,0
DA:15,0
DA:16,0
DA:17,0
DA:19,0
DA:20,0
DA:21,0
DA:25,0
DA:27,0
DA:29,0
DA:31,0
DA:32,0
DA:33,0
DA:35,0
DA:36,0
DA:37,0
DA:41,0
DA:42,0
DA:57,0
DA:60,0
DA:61,0
DA:62,0
DA:63,0
DA:66,0
LF:32
LH:0
BRDA:13,0,0,0
BRDA:13,0,1,0
BRDA:15,1,0,0
BRDA:15,1,1,0
BRDA:15,2,0,0
BRDA:15,2,1,0
BRDA:27,3,0,0
BRDA:27,3,1,0
BRDA:31,4,0,0
BRDA:31,4,1,0
BRDA:31,5,0,0
BRDA:31,5,1,0
BRF:12
BRH:0
end_of_record
TN:
SF:src/middleware/monitoring.ts
FN:30,(anonymous_0)
FN:34,(anonymous_1)
FN:41,(anonymous_2)
FN:43,(anonymous_3)
FN:84,(anonymous_4)
FN:97,(anonymous_5)
FN:99,(anonymous_6)
FN:116,(anonymous_7)
FN:149,(anonymous_8)
FN:187,(anonymous_9)
FN:192,(anonymous_10)
FN:202,(anonymous_11)
FN:214,(anonymous_12)
FN:232,(anonymous_13)
FN:236,(anonymous_14)
FN:246,(anonymous_15)
FN:264,(anonymous_16)
FN:285,(anonymous_17)
FNF:18
FNH:0
FNDA:0,(anonymous_0)
FNDA:0,(anonymous_1)
FNDA:0,(anonymous_2)
FNDA:0,(anonymous_3)
FNDA:0,(anonymous_4)
FNDA:0,(anonymous_5)
FNDA:0,(anonymous_6)
FNDA:0,(anonymous_7)
FNDA:0,(anonymous_8)
FNDA:0,(anonymous_9)
FNDA:0,(anonymous_10)
FNDA:0,(anonymous_11)
FNDA:0,(anonymous_12)
FNDA:0,(anonymous_13)
FNDA:0,(anonymous_14)
FNDA:0,(anonymous_15)
FNDA:0,(anonymous_16)
FNDA:0,(anonymous_17)
DA:2,0
DA:26,0
DA:27,0
DA:28,0
DA:31,0
DA:35,0
DA:36,0
DA:38,0
DA:43,0
DA:44,0
DA:45,0
DA:54,0
DA:63,0
DA:64,0
DA:68,0
DA:72,0
DA:73,0
DA:77,0
DA:80,0
DA:84,0
DA:85,0
DA:86,0
DA:88,0
DA:93,0
DA:97,0
DA:98,0
DA:99,0
DA:100,0
DA:101,0
DA:103,0
DA:104,0
DA:111,0
DA:117,0
DA:118,0
DA:128,0
DA:129,0
DA:130,0
DA:131,0
DA:132,0
DA:134,0
DA:135,0
DA:137,0
DA:141,0
DA:150,0
DA:151,0
DA:152,0
DA:155,0
DA:156,0
DA:157,0
DA:158,0
DA:159,0
DA:161,0
DA:162,0
DA:163,0
DA:168,0
DA:169,0
DA:170,0
DA:171,0
DA:172,0
DA:175,0
DA:182,0
DA:183,0
DA:188,0
DA:193,0
DA:194,0
DA:199,0
DA:202,0
DA:203,0
DA:204,0
DA:207,0
DA:210,0
DA:213,0
DA:214,0
DA:215,0
DA:216,0
DA:219,0
DA:222,0
DA:225,0
DA:228,0
DA:232,0
DA:233,0
DA:236,0
DA:237,0
DA:246,0
DA:247,0
DA:248,0
DA:250,0
DA:251,0
DA:260,0
DA:264,0
DA:266,0
DA:275,0
DA:276,0
DA:277,0
DA:278,0
DA:281,0
DA:285,0
DA:286,0
DA:287,0
DA:289,0
LF:100
LH:0
BRDA:35,0,0,0
BRDA:35,0,1,0
BRDA:63,1,0,0
BRDA:63,1,1,0
BRDA:72,2,0,0
BRDA:72,2,1,0
BRDA:103,3,0,0
BRDA:103,3,1,0
BRDA:117,4,0,0
BRDA:117,4,1,0
BRDA:134,5,0,0
BRDA:134,5,1,0
BRDA:159,6,0,0
BRDA:159,6,1,0
BRDA:169,7,0,0
BRDA:169,7,1,0
BRDA:171,8,0,0
BRDA:171,8,1,0
BRDA:250,9,0,0
BRDA:250,9,1,0
BRDA:277,10,0,0
BRDA:277,10,1,0
BRF:22
BRH:0
end_of_record
TN:
SF:src/middleware/rateLimit.ts
FN:17,(anonymous_1)
FN:102,(anonymous_2)
FN:122,(anonymous_3)
FN:195,(anonymous_4)
FNF:4
FNH:0
FNDA:0,(anonymous_1)
FNDA:0,(anonymous_2)
FNDA:0,(anonymous_3)
FNDA:0,(anonymous_4)
DA:1,0
DA:4,0
DA:5,0
DA:8,0
DA:19,0
DA:26,0
DA:41,0
DA:99,0
DA:102,0
DA:104,0
DA:105,0
DA:109,0
DA:110,0
DA:114,0
DA:115,0
DA:116,0
DA:119,0
DA:120,0
DA:121,0
DA:122,0
DA:123,0
DA:124,0
DA:125,0
DA:126,0
DA:128,0
DA:132,0
DA:133,0
DA:134,0
DA:139,0
DA:140,0
DA:142,0
DA:145,0
DA:146,0
DA:149,0
DA:150,0
DA:153,0
DA:156,0
DA:157,0
DA:160,0
DA:163,0
DA:164,0
DA:165,0
DA:169,0
DA:170,0
DA:173,0
DA:174,0
DA:184,0
DA:186,0
DA:190,0
DA:191,0
DA:195,0
DA:196,0
DA:197,0
DA:199,0
DA:200,0
DA:201,0
DA:202,0
DA:203,0
DA:208,0
DA:209,0
DA:213,0
DA:214,0
DA:222,0
LF:63
LH:0
BRDA:58,0,0,0
BRDA:58,0,1,0
BRDA:63,1,0,0
BRDA:63,1,1,0
BRDA:68,2,0,0
BRDA:68,2,1,0
BRDA:104,3,0,0
BRDA:104,3,1,0
BRDA:104,4,0,0
BRDA:104,4,1,0
BRDA:109,5,0,0
BRDA:109,5,1,0
BRDA:109,6,0,0
BRDA:109,6,1,0
BRDA:114,7,0,0
BRDA:114,7,1,0
BRDA:115,8,0,0
BRDA:115,8,1,0
BRDA:120,9,0,0
BRDA:120,9,1,0
BRDA:125,10,0,0
BRDA:125,10,1,0
BRDA:125,11,0,0
BRDA:125,11,1,0
BRDA:125,11,2,0
BRDA:132,12,0,0
BRDA:132,12,1,0
BRDA:140,13,0,0
BRDA:140,13,1,0
BRDA:145,14,0,0
BRDA:145,14,1,0
BRDA:149,15,0,0
BRDA:149,15,1,0
BRDA:156,16,0,0
BRDA:156,16,1,0
BRDA:163,17,0,0
BRDA:163,17,1,0
BRDA:169,18,0,0
BRDA:169,18,1,0
BRDA:173,19,0,0
BRDA:173,19,1,0
BRDA:201,20,0,0
BRDA:201,20,1,0
BRDA:208,21,0,0
BRDA:208,21,1,0
BRDA:213,22,0,0
BRDA:213,22,1,0
BRF:47
BRH:0
end_of_record
TN:
SF:src/middleware/security.ts
FN:9,(anonymous_0)
FN:16,(anonymous_1)
FN:25,(anonymous_2)
FN:48,(anonymous_3)
FN:66,(anonymous_4)
FN:71,(anonymous_5)
FN:167,(anonymous_6)
FN:179,(anonymous_7)
FN:183,(anonymous_8)
FN:191,(anonymous_9)
FNF:10
FNH:0
FNDA:0,(anonymous_0)
FNDA:0,(anonymous_1)
FNDA:0,(anonymous_2)
FNDA:0,(anonymous_3)
FNDA:0,(anonymous_4)
FNDA:0,(anonymous_5)
FNDA:0,(anonymous_6)
FNDA:0,(anonymous_7)
FNDA:0,(anonymous_8)
FNDA:0,(anonymous_9)
DA:3,0
DA:4,0
DA:5,0
DA:6,0
DA:9,0
DA:10,0
DA:13,0
DA:16,0
DA:17,0
DA:18,0
DA:21,0
DA:25,0
DA:26,0
DA:34,0
DA:37,0
DA:38,0
DA:39,0
DA:43,0
DA:44,0
DA:48,0
DA:49,0
DA:52,0
DA:53,0
DA:62,0
DA:66,0
DA:71,0
DA:72,0
DA:75,0
DA:77,0
DA:79,0
DA:80,0
DA:81,0
DA:88,0
DA:92,0
DA:96,0
DA:97,0
DA:98,0
DA:99,0
DA:101,0
DA:105,0
DA:109,0
DA:113,0
DA:114,0
DA:118,0
DA:119,0
DA:120,0
DA:122,0
DA:124,0
DA:131,0
DA:135,0
DA:141,0
DA:144,0
DA:145,0
DA:147,0
DA:151,0
DA:158,0
DA:167,0
DA:169,0
DA:170,0
DA:171,0
DA:172,0
DA:173,0
DA:175,0
DA:179,0
DA:181,0
DA:183,0
DA:184,0
DA:191,0
DA:192,0
DA:193,0
DA:195,0
DA:196,0
DA:198,0
DA:199,0
DA:200,0
DA:201,0
DA:203,0
DA:205,0
DA:208,0
DA:211,0
LF:80
LH:0
BRDA:37,0,0,0
BRDA:37,0,1,0
BRDA:43,1,0,0
BRDA:43,1,1,0
BRDA:52,2,0,0
BRDA:52,2,1,0
BRDA:80,3,0,0
BRDA:80,3,1,0
BRDA:96,4,0,0
BRDA:96,4,1,0
BRDA:98,5,0,0
BRDA:98,5,1,0
BRDA:113,6,0,0
BRDA:113,6,1,0
BRDA:114,7,0,0
BRDA:114,7,1,0
BRDA:115,8,0,0
BRDA:115,8,1,0
BRDA:116,9,0,0
BRDA:116,9,1,0
BRDA:118,10,0,0
BRDA:118,10,1,0
BRDA:120,11,0,0
BRDA:120,11,1,0
BRDA:122,12,0,0
BRDA:122,12,1,0
BRDA:181,13,0,0
BRDA:181,13,1,0
BRDA:192,14,0,0
BRDA:192,14,1,0
BRDA:195,15,0,0
BRDA:195,15,1,0
BRDA:198,16,0,0
BRDA:198,16,1,0
BRDA:198,17,0,0
BRDA:198,17,1,0
BRF:36
BRH:0
end_of_record
TN:
SF:src/routes/index.ts
FN:7,(anonymous_0)
FN:11,(anonymous_1)
FN:22,(anonymous_2)
FN:25,(anonymous_3)
FN:28,(anonymous_4)
FN:48,(anonymous_5)
FNF:6
FNH:0
FNDA:0,(anonymous_0)
FNDA:0,(anonymous_1)
FNDA:0,(anonymous_2)
FNDA:0,(anonymous_3)
FNDA:0,(anonymous_4)
FNDA:0,(anonymous_5)
DA:1,0
DA:4,0
DA:5,0
DA:7,0
DA:8,0
DA:11,0
DA:12,0
DA:22,0
DA:25,0
DA:28,0
DA:30,0
DA:31,0
DA:32,0
DA:40,0
DA:41,0
DA:44,0
DA:48,0
DA:50,0
DA:51,0
DA:52,0
DA:60,0
DA:61,0
DA:67,0
DA:70,0
LF:24
LH:0
BRDA:15,0,0,0
BRDA:15,0,1,0
BRDA:31,1,0,0
BRDA:31,1,1,0
BRDA:40,2,0,0
BRDA:40,2,1,0
BRDA:51,3,0,0
BRDA:51,3,1,0
BRDA:60,4,0,0
BRDA:60,4,1,0
BRF:10
BRH:0
end_of_record
TN:
SF:src/routes/performance.ts
FN:8,createPerformanceRoutes
FN:20,(anonymous_1)
FN:53,(anonymous_2)
FN:56,(anonymous_3)
FN:89,(anonymous_4)
FN:145,(anonymous_5)
FN:151,(anonymous_6)
FN:184,(anonymous_7)
FN:225,(anonymous_8)
FN:236,(anonymous_9)
FN:263,(anonymous_10)
FN:294,(anonymous_11)
FN:348,(anonymous_12)
FN:410,(anonymous_13)
FNF:14
FNH:0
FNDA:0,createPerformanceRoutes
FNDA:0,(anonymous_1)
FNDA:0,(anonymous_2)
FNDA:0,(anonymous_3)
FNDA:0,(anonymous_4)
FNDA:0,(anonymous_5)
FNDA:0,(anonymous_6)
FNDA:0,(anonymous_7)
FNDA:0,(anonymous_8)
FNDA:0,(anonymous_9)
FNDA:0,(anonymous_10)
FNDA:0,(anonymous_11)
FNDA:0,(anonymous_12)
FNDA:0,(anonymous_13)
DA:1,0
DA:6,0
DA:8,0
DA:14,0
DA:20,0
DA:21,0
DA:22,0
DA:23,0
DA:25,0
DA:34,0
DA:41,0
DA:42,0
DA:53,0
DA:54,0
DA:55,0
DA:56,0
DA:63,0
DA:72,0
DA:77,0
DA:78,0
DA:89,0
DA:90,0
DA:91,0
DA:93,0
DA:94,0
DA:100,0
DA:102,0
DA:103,0
DA:109,0
DA:120,0
DA:126,0
DA:129,0
DA:133,0
DA:137,0
DA:145,0
DA:146,0
DA:147,0
DA:148,0
DA:151,0
DA:156,0
DA:165,0
DA:172,0
DA:173,0
DA:184,0
DA:185,0
DA:186,0
DA:187,0
DA:188,0
DA:189,0
DA:191,0
DA:206,0
DA:213,0
DA:214,0
DA:225,0
DA:226,0
DA:227,0
DA:228,0
DA:229,0
DA:231,0
DA:236,0
DA:244,0
DA:251,0
DA:252,0
DA:263,0
DA:264,0
DA:265,0
DA:267,0
DA:276,0
DA:282,0
DA:283,0
DA:294,0
DA:295,0
DA:296,0
DA:299,0
DA:311,0
DA:312,0
DA:313,0
DA:314,0
DA:318,0
DA:319,0
DA:321,0
DA:330,0
DA:336,0
DA:337,0
DA:348,0
DA:349,0
DA:350,0
DA:351,0
DA:352,0
DA:353,0
DA:354,0
DA:355,0
DA:357,0
DA:392,0
DA:399,0
DA:400,0
DA:410,0
DA:411,0
DA:412,0
DA:413,0
DA:415,0
DA:418,0
DA:432,0
DA:433,0
DA:440,0
LF:105
LH:0
BRDA:93,0,0,0
BRDA:93,0,1,0
BRDA:102,1,0,0
BRDA:102,1,1,0
BRDA:313,2,0,0
BRDA:313,2,1,0
BRDA:415,3,0,0
BRDA:415,3,1,0
BRDA:418,4,0,0
BRDA:418,4,1,0
BRDA:421,5,0,0
BRDA:421,5,1,0
BRF:12
BRH:0
end_of_record
TN:
SF:src/security/webrtcValidation.ts
FN:10,(anonymous_0)
FN:52,(anonymous_1)
FN:90,(anonymous_2)
FN:123,(anonymous_3)
FN:139,(anonymous_4)
FN:157,(anonymous_5)
FNF:6
FNH:0
FNDA:0,(anonymous_0)
FNDA:0,(anonymous_1)
FNDA:0,(anonymous_2)
FNDA:0,(anonymous_3)
FNDA:0,(anonymous_4)
FNDA:0,(anonymous_5)
DA:10,0
DA:11,0
DA:12,0
DA:16,0
DA:17,0
DA:20,0
DA:21,0
DA:25,0
DA:26,0
DA:30,0
DA:33,0
DA:42,0
DA:43,0
DA:44,0
DA:48,0
DA:52,0
DA:53,0
DA:54,0
DA:58,0
DA:59,0
DA:63,0
DA:64,0
DA:68,0
DA:71,0
DA:80,0
DA:81,0
DA:82,0
DA:86,0
DA:90,0
DA:96,0
DA:97,0
DA:101,0
DA:102,0
DA:106,0
DA:107,0
DA:111,0
DA:112,0
DA:115,0
DA:116,0
DA:119,0
DA:123,0
DA:124,0
DA:125,0
DA:129,0
DA:130,0
DA:133,0
DA:134,0
DA:138,0
DA:139,0
DA:140,0
DA:141,0
DA:143,0
DA:144,0
DA:146,0
DA:149,0
DA:150,0
DA:153,0
DA:157,0
DA:163,0
DA:169,0
DA:170,0
DA:174,0
DA:176,0
DA:179,0
DA:182,0
DA:185,0
LF:66
LH:0
BRDA:11,0,0,0
BRDA:11,0,1,0
BRDA:11,1,0,0
BRDA:11,1,1,0
BRDA:16,2,0,0
BRDA:16,2,1,0
BRDA:16,3,0,0
BRDA:16,3,1,0
BRDA:20,4,0,0
BRDA:20,4,1,0
BRDA:20,5,0,0
BRDA:20,5,1,0
BRDA:25,6,0,0
BRDA:25,6,1,0
BRDA:43,7,0,0
BRDA:43,7,1,0
BRDA:53,8,0,0
BRDA:53,8,1,0
BRDA:53,9,0,0
BRDA:53,9,1,0
BRDA:58,10,0,0
BRDA:58,10,1,0
BRDA:58,11,0,0
BRDA:58,11,1,0
BRDA:63,12,0,0
BRDA:63,12,1,0
BRDA:81,13,0,0
BRDA:81,13,1,0
BRDA:96,14,0,0
BRDA:96,14,1,0
BRDA:101,15,0,0
BRDA:101,15,1,0
BRDA:101,16,0,0
BRDA:101,16,1,0
BRDA:106,17,0,0
BRDA:106,17,1,0
BRDA:111,18,0,0
BRDA:111,18,1,0
BRDA:111,19,0,0
BRDA:111,19,1,0
BRDA:111,19,2,0
BRDA:115,20,0,0
BRDA:115,20,1,0
BRDA:115,21,0,0
BRDA:115,21,1,0
BRDA:115,21,2,0
BRDA:124,22,0,0
BRDA:124,22,1,0
BRDA:124,23,0,0
BRDA:124,23,1,0
BRDA:129,24,0,0
BRDA:129,24,1,0
BRDA:129,25,0,0
BRDA:129,25,1,0
BRDA:129,25,2,0
BRDA:133,26,0,0
BRDA:133,26,1,0
BRDA:133,27,0,0
BRDA:133,27,1,0
BRDA:133,27,2,0
BRDA:139,28,0,0
BRDA:140,29,0,0
BRDA:140,29,1,0
BRDA:141,30,0,0
BRDA:141,30,1,0
BRDA:141,31,0,0
BRDA:141,31,1,0
BRDA:144,32,0,0
BRDA:144,32,1,0
BRDA:149,33,0,0
BRDA:149,33,1,0
BRDA:169,34,0,0
BRDA:169,34,1,0
BRDA:174,35,0,0
BRDA:174,35,1,0
BRDA:174,35,2,0
BRDA:174,35,3,0
BRF:77
BRH:0
end_of_record
TN:
SF:src/services/ApprovalSessionManager.ts
FN:13,(anonymous_0)
FN:33,(anonymous_1)
FN:59,(anonymous_2)
FN:66,(anonymous_3)
FN:76,(anonymous_4)
FN:103,(anonymous_5)
FN:113,(anonymous_6)
FN:132,(anonymous_7)
FN:139,(anonymous_8)
FN:141,(anonymous_9)
FN:147,(anonymous_10)
FN:154,(anonymous_11)
FN:172,(anonymous_12)
FNF:13
FNH:11
FNDA:16,(anonymous_0)
FNDA:4,(anonymous_1)
FNDA:8,(anonymous_2)
FNDA:25,(anonymous_3)
FNDA:9,(anonymous_4)
FNDA:20,(anonymous_5)
FNDA:0,(anonymous_6)
FNDA:17,(anonymous_7)
FNDA:1,(anonymous_8)
FNDA:1,(anonymous_9)
FNDA:16,(anonymous_10)
FNDA:12,(anonymous_11)
FNDA:0,(anonymous_12)
DA:2,1
DA:4,1
DA:5,12
DA:6,12
DA:7,12
DA:22,16
DA:24,16
DA:33,16
DA:34,4
DA:35,4
DA:37,0
DA:41,16
DA:42,16
DA:44,16
DA:53,16
DA:60,8
DA:67,25
DA:68,25
DA:69,16
DA:77,9
DA:78,9
DA:81,9
DA:82,9
DA:86,9
DA:87,9
DA:89,9
DA:96,9
DA:104,20
DA:105,20
DA:106,4
DA:114,0
DA:123,0
DA:133,17
DA:140,1
DA:141,1
DA:148,16
DA:156,12
DA:157,7
DA:158,7
DA:163,12
DA:164,12
DA:166,12
DA:177,0
DA:178,0
DA:179,0
DA:181,0
DA:183,0
DA:186,0
DA:187,0
DA:188,0
DA:192,0
LF:51
LH:39
BRDA:34,0,0,4
BRDA:34,0,1,0
BRDA:68,1,0,9
BRDA:68,1,1,16
BRDA:78,2,0,0
BRDA:78,2,1,9
BRDA:81,3,0,9
BRDA:81,3,1,0
BRDA:105,4,0,16
BRDA:105,4,1,4
BRDA:157,5,0,7
BRDA:157,5,1,0
BRDA:183,6,0,0
BRDA:183,6,1,0
BRDA:187,7,0,0
BRDA:187,7,1,0
BRDA:187,8,0,0
BRDA:187,8,1,0
BRF:18
BRH:8
end_of_record
TN:
SF:src/services/CacheService.ts
FN:7,(anonymous_1)
FN:16,(anonymous_2)
FN:23,(anonymous_3)
FN:27,(anonymous_4)
FN:34,(anonymous_5)
FN:38,(anonymous_6)
FN:42,(anonymous_7)
FN:47,(anonymous_8)
FN:52,(anonymous_9)
FN:57,(anonymous_10)
FN:62,(anonymous_11)
FN:67,(anonymous_12)
FN:72,(anonymous_13)
FN:77,(anonymous_14)
FN:82,(anonymous_15)
FN:87,(anonymous_16)
FN:89,(anonymous_17)
FNF:17
FNH:0
FNDA:0,(anonymous_1)
FNDA:0,(anonymous_2)
FNDA:0,(anonymous_3)
FNDA:0,(anonymous_4)
FNDA:0,(anonymous_5)
FNDA:0,(anonymous_6)
FNDA:0,(anonymous_7)
FNDA:0,(anonymous_8)
FNDA:0,(anonymous_9)
FNDA:0,(anonymous_10)
FNDA:0,(anonymous_11)
FNDA:0,(anonymous_12)
FNDA:0,(anonymous_13)
FNDA:0,(anonymous_14)
FNDA:0,(anonymous_15)
FNDA:0,(anonymous_16)
FNDA:0,(anonymous_17)
DA:1,0
DA:3,0
DA:8,0
DA:17,0
DA:18,0
DA:20,0
DA:24,0
DA:28,0
DA:29,0
DA:31,0
DA:35,0
DA:39,0
DA:43,0
DA:48,0
DA:53,0
DA:58,0
DA:63,0
DA:68,0
DA:73,0
DA:78,0
DA:83,0
DA:88,0
DA:89,0
DA:90,0
DA:91,0
LF:25
LH:0
BRDA:17,0,0,0
BRDA:17,0,1,0
BRDA:28,1,0,0
BRDA:28,1,1,0
BRDA:47,2,0,0
BRDA:52,3,0,0
BRDA:57,4,0,0
BRDA:90,5,0,0
BRDA:90,5,1,0
BRDA:90,6,0,0
BRDA:90,6,1,0
BRF:11
BRH:0
end_of_record
TN:
SF:src/services/ConnectionHealthService.ts
FN:47,(anonymous_0)
FN:54,(anonymous_1)
FN:67,(anonymous_2)
FN:118,(anonymous_3)
FN:135,(anonymous_4)
FN:137,(anonymous_5)
FN:146,(anonymous_6)
FN:160,(anonymous_7)
FN:186,(anonymous_8)
FN:227,(anonymous_9)
FN:229,(anonymous_10)
FN:234,(anonymous_11)
FN:248,(anonymous_12)
FN:297,(anonymous_13)
FN:319,(anonymous_14)
FN:329,(anonymous_15)
FN:375,(anonymous_16)
FN:383,(anonymous_17)
FN:414,(anonymous_18)
FN:462,(anonymous_19)
FN:469,(anonymous_20)
FN:476,(anonymous_21)
FN:491,(anonymous_22)
FN:509,(anonymous_23)
FNF:24
FNH:0
FNDA:0,(anonymous_0)
FNDA:0,(anonymous_1)
FNDA:0,(anonymous_2)
FNDA:0,(anonymous_3)
FNDA:0,(anonymous_4)
FNDA:0,(anonymous_5)
FNDA:0,(anonymous_6)
FNDA:0,(anonymous_7)
FNDA:0,(anonymous_8)
FNDA:0,(anonymous_9)
FNDA:0,(anonymous_10)
FNDA:0,(anonymous_11)
FNDA:0,(anonymous_12)
FNDA:0,(anonymous_13)
FNDA:0,(anonymous_14)
FNDA:0,(anonymous_15)
FNDA:0,(anonymous_16)
FNDA:0,(anonymous_17)
FNDA:0,(anonymous_18)
FNDA:0,(anonymous_19)
FNDA:0,(anonymous_20)
FNDA:0,(anonymous_21)
FNDA:0,(anonymous_22)
FNDA:0,(anonymous_23)
DA:2,0
DA:29,0
DA:31,0
DA:32,0
DA:33,0
DA:36,0
DA:37,0
DA:38,0
DA:39,0
DA:40,0
DA:48,0
DA:50,0
DA:51,0
DA:57,0
DA:58,0
DA:60,0
DA:73,0
DA:86,0
DA:89,0
DA:92,0
DA:107,0
DA:119,0
DA:120,0
DA:121,0
DA:122,0
DA:124,0
DA:137,0
DA:138,0
DA:139,0
DA:140,0
DA:141,0
DA:146,0
DA:147,0
DA:148,0
DA:149,0
DA:150,0
DA:160,0
DA:161,0
DA:162,0
DA:163,0
DA:173,0
DA:187,0
DA:188,0
DA:190,0
DA:191,0
DA:192,0
DA:194,0
DA:195,0
DA:197,0
DA:201,0
DA:215,0
DA:229,0
DA:230,0
DA:234,0
DA:235,0
DA:238,0
DA:249,0
DA:250,0
DA:251,0
DA:253,0
DA:255,0
DA:257,0
DA:259,0
DA:260,0
DA:261,0
DA:263,0
DA:273,0
DA:274,0
DA:276,0
DA:280,0
DA:284,0
DA:285,0
DA:298,0
DA:299,0
DA:302,0
DA:303,0
DA:304,0
DA:305,0
DA:306,0
DA:307,0
DA:308,0
DA:311,0
DA:322,0
DA:330,0
DA:331,0
DA:333,0
DA:335,0
DA:338,0
DA:341,0
DA:343,0
DA:344,0
DA:351,0
DA:355,0
DA:359,0
DA:365,0
DA:366,0
DA:367,0
DA:371,0
DA:372,0
DA:375,0
DA:384,0
DA:385,0
DA:388,0
DA:400,0
DA:402,0
DA:422,0
DA:423,0
DA:424,0
DA:425,0
DA:426,0
DA:428,0
DA:429,0
DA:430,0
DA:431,0
DA:433,0
DA:434,0
DA:435,0
DA:440,0
DA:441,0
DA:442,0
DA:444,0
DA:446,0
DA:449,0
DA:463,0
DA:470,0
DA:477,0
DA:478,0
DA:479,0
DA:480,0
DA:492,0
DA:493,0
DA:494,0
DA:495,0
DA:496,0
DA:498,0
DA:510,0
DA:511,0
DA:512,0
DA:515,0
DA:516,0
DA:517,0
DA:520,0
DA:521,0
LF:143
LH:0
BRDA:57,0,0,0
BRDA:57,0,1,0
BRDA:120,1,0,0
BRDA:120,1,1,0
BRDA:139,2,0,0
BRDA:139,2,1,0
BRDA:139,3,0,0
BRDA:139,3,1,0
BRDA:148,4,0,0
BRDA:148,4,1,0
BRDA:162,5,0,0
BRDA:162,5,1,0
BRDA:188,6,0,0
BRDA:188,6,1,0
BRDA:194,7,0,0
BRDA:194,7,1,0
BRDA:207,8,0,0
BRDA:207,8,1,0
BRDA:257,9,0,0
BRDA:257,9,1,0
BRDA:273,10,0,0
BRDA:273,10,1,0
BRDA:284,11,0,0
BRDA:284,11,1,0
BRDA:299,12,0,0
BRDA:299,12,1,0
BRDA:303,13,0,0
BRDA:303,13,1,0
BRDA:305,14,0,0
BRDA:305,14,1,0
BRDA:335,15,0,0
BRDA:335,15,1,0
BRDA:338,16,0,0
BRDA:338,16,1,0
BRDA:341,17,0,0
BRDA:341,17,1,0
BRDA:355,18,0,0
BRDA:355,18,1,0
BRDA:365,19,0,0
BRDA:365,19,1,0
BRDA:371,20,0,0
BRDA:371,20,1,0
BRDA:429,21,0,0
BRDA:429,21,1,0
BRDA:434,22,0,0
BRDA:434,22,1,0
BRDA:440,23,0,0
BRDA:440,23,1,0
BRDA:441,24,0,0
BRDA:441,24,1,0
BRDA:454,25,0,0
BRDA:454,25,1,0
BRDA:478,26,0,0
BRDA:478,26,1,0
BRDA:493,27,0,0
BRDA:493,27,1,0
BRDA:510,28,0,0
BRDA:510,28,1,0
BRDA:515,29,0,0
BRDA:515,29,1,0
BRF:60
BRH:0
end_of_record
TN:
SF:src/services/ConnectionOptimizationService.ts
FN:53,(anonymous_0)
FN:63,(anonymous_1)
FN:79,(anonymous_2)
FN:96,(anonymous_3)
FN:111,(anonymous_4)
FN:112,(anonymous_5)
FN:125,(anonymous_6)
FN:176,(anonymous_7)
FN:204,(anonymous_8)
FN:219,(anonymous_9)
FN:240,(anonymous_10)
FN:243,(anonymous_11)
FN:258,(anonymous_12)
FN:292,(anonymous_13)
FN:314,(anonymous_14)
FN:338,(anonymous_15)
FN:367,(anonymous_16)
FN:396,(anonymous_17)
FN:407,(anonymous_18)
FN:453,(anonymous_19)
FN:465,(anonymous_20)
FN:482,(anonymous_21)
FN:511,(anonymous_22)
FN:528,(anonymous_23)
FN:535,(anonymous_24)
FN:549,(anonymous_25)
FN:566,(anonymous_26)
FN:579,(anonymous_27)
FN:586,(anonymous_28)
FN:600,(anonymous_29)
FN:633,(anonymous_30)
FNF:31
FNH:0
FNDA:0,(anonymous_0)
FNDA:0,(anonymous_1)
FNDA:0,(anonymous_2)
FNDA:0,(anonymous_3)
FNDA:0,(anonymous_4)
FNDA:0,(anonymous_5)
FNDA:0,(anonymous_6)
FNDA:0,(anonymous_7)
FNDA:0,(anonymous_8)
FNDA:0,(anonymous_9)
FNDA:0,(anonymous_10)
FNDA:0,(anonymous_11)
FNDA:0,(anonymous_12)
FNDA:0,(anonymous_13)
FNDA:0,(anonymous_14)
FNDA:0,(anonymous_15)
FNDA:0,(anonymous_16)
FNDA:0,(anonymous_17)
FNDA:0,(anonymous_18)
FNDA:0,(anonymous_19)
FNDA:0,(anonymous_20)
FNDA:0,(anonymous_21)
FNDA:0,(anonymous_22)
FNDA:0,(anonymous_23)
FNDA:0,(anonymous_24)
FNDA:0,(anonymous_25)
FNDA:0,(anonymous_26)
FNDA:0,(anonymous_27)
FNDA:0,(anonymous_28)
FNDA:0,(anonymous_29)
FNDA:0,(anonymous_30)
DA:2,0
DA:38,0
DA:42,0
DA:43,0
DA:44,0
DA:45,0
DA:46,0
DA:49,0
DA:50,0
DA:51,0
DA:54,0
DA:55,0
DA:57,0
DA:58,0
DA:59,0
DA:60,0
DA:67,0
DA:68,0
DA:73,0
DA:80,0
DA:97,0
DA:112,0
DA:113,0
DA:114,0
DA:115,0
DA:118,0
DA:130,0
DA:133,0
DA:134,0
DA:135,0
DA:142,0
DA:143,0
DA:144,0
DA:151,0
DA:152,0
DA:154,0
DA:155,0
DA:156,0
DA:162,0
DA:163,0
DA:170,0
DA:177,0
DA:178,0
DA:180,0
DA:181,0
DA:182,0
DA:186,0
DA:187,0
DA:188,0
DA:192,0
DA:193,0
DA:194,0
DA:195,0
DA:198,0
DA:205,0
DA:206,0
DA:207,0
DA:208,0
DA:211,0
DA:212,0
DA:215,0
DA:216,0
DA:219,0
DA:220,0
DA:221,0
DA:224,0
DA:227,0
DA:234,0
DA:241,0
DA:242,0
DA:243,0
DA:244,0
DA:245,0
DA:246,0
DA:248,0
DA:249,0
DA:259,0
DA:260,0
DA:261,0
DA:263,0
DA:264,0
DA:266,0
DA:267,0
DA:270,0
DA:275,0
DA:282,0
DA:283,0
DA:293,0
DA:294,0
DA:295,0
DA:298,0
DA:301,0
DA:303,0
DA:315,0
DA:316,0
DA:317,0
DA:318,0
DA:320,0
DA:321,0
DA:323,0
DA:327,0
DA:340,0
DA:341,0
DA:345,0
DA:346,0
DA:347,0
DA:348,0
DA:352,0
DA:353,0
DA:354,0
DA:360,0
DA:368,0
DA:370,0
DA:371,0
DA:375,0
DA:376,0
DA:377,0
DA:378,0
DA:381,0
DA:388,0
DA:391,0
DA:392,0
DA:395,0
DA:396,0
DA:397,0
DA:399,0
DA:408,0
DA:409,0
DA:410,0
DA:414,0
DA:415,0
DA:416,0
DA:417,0
DA:421,0
DA:422,0
DA:423,0
DA:424,0
DA:425,0
DA:426,0
DA:428,0
DA:432,0
DA:433,0
DA:434,0
DA:436,0
DA:441,0
DA:443,0
DA:455,0
DA:456,0
DA:457,0
DA:458,0
DA:463,0
DA:464,0
DA:465,0
DA:466,0
DA:467,0
DA:473,0
DA:474,0
DA:475,0
DA:483,0
DA:486,0
DA:487,0
DA:488,0
DA:489,0
DA:491,0
DA:513,0
DA:516,0
DA:529,0
DA:542,0
DA:543,0
DA:544,0
DA:547,0
DA:548,0
DA:549,0
DA:552,0
DA:554,0
DA:567,0
DA:568,0
DA:570,0
DA:580,0
DA:587,0
DA:588,0
DA:589,0
DA:592,0
DA:605,0
DA:606,0
DA:607,0
DA:609,0
DA:610,0
DA:611,0
DA:618,0
DA:619,0
DA:623,0
DA:634,0
DA:635,0
DA:636,0
DA:640,0
DA:641,0
DA:643,0
DA:646,0
DA:648,0
LF:200
LH:0
BRDA:67,0,0,0
BRDA:67,0,1,0
BRDA:133,1,0,0
BRDA:133,1,1,0
BRDA:142,2,0,0
BRDA:142,2,1,0
BRDA:151,3,0,0
BRDA:151,3,1,0
BRDA:152,4,0,0
BRDA:152,4,1,0
BRDA:155,5,0,0
BRDA:155,5,1,0
BRDA:180,6,0,0
BRDA:180,6,1,0
BRDA:186,7,0,0
BRDA:186,7,1,0
BRDA:192,8,0,0
BRDA:192,8,1,0
BRDA:206,9,0,0
BRDA:206,9,1,0
BRDA:211,10,0,0
BRDA:211,10,1,0
BRDA:242,11,0,0
BRDA:242,11,1,0
BRDA:244,12,0,0
BRDA:244,12,1,0
BRDA:248,13,0,0
BRDA:248,13,1,0
BRDA:260,14,0,0
BRDA:260,14,1,0
BRDA:263,15,0,0
BRDA:263,15,1,0
BRDA:263,16,0,0
BRDA:263,16,1,0
BRDA:282,17,0,0
BRDA:282,17,1,0
BRDA:293,18,0,0
BRDA:293,18,1,0
BRDA:315,19,0,0
BRDA:315,19,1,0
BRDA:316,20,0,0
BRDA:316,20,1,0
BRDA:320,21,0,0
BRDA:320,21,1,0
BRDA:340,22,0,0
BRDA:340,22,1,0
BRDA:346,23,0,0
BRDA:346,23,1,0
BRDA:346,24,0,0
BRDA:346,24,1,0
BRDA:352,25,0,0
BRDA:352,25,1,0
BRDA:352,26,0,0
BRDA:352,26,1,0
BRDA:367,27,0,0
BRDA:368,28,0,0
BRDA:368,28,1,0
BRDA:368,29,0,0
BRDA:368,29,1,0
BRDA:376,30,0,0
BRDA:376,30,1,0
BRDA:391,31,0,0
BRDA:391,31,1,0
BRDA:395,32,0,0
BRDA:395,32,1,0
BRDA:409,33,0,0
BRDA:409,33,1,0
BRDA:409,34,0,0
BRDA:409,34,1,0
BRDA:415,35,0,0
BRDA:415,35,1,0
BRDA:424,36,0,0
BRDA:424,36,1,0
BRDA:433,37,0,0
BRDA:433,37,1,0
BRDA:457,38,0,0
BRDA:457,38,1,0
BRDA:464,39,0,0
BRDA:464,39,1,0
BRDA:466,40,0,0
BRDA:466,40,1,0
BRDA:474,41,0,0
BRDA:474,41,1,0
BRDA:513,42,0,0
BRDA:513,42,1,0
BRDA:548,43,0,0
BRDA:548,43,1,0
BRDA:618,44,0,0
BRDA:618,44,1,0
BRDA:634,45,0,0
BRDA:634,45,1,0
BRF:91
BRH:0
end_of_record
TN:
SF:src/services/ErrorRecoveryService.ts
FN:9,(anonymous_0)
FN:49,(anonymous_1)
FN:83,(anonymous_2)
FN:102,(anonymous_3)
FN:113,(anonymous_4)
FN:122,(anonymous_5)
FN:139,(anonymous_6)
FN:145,(anonymous_7)
FN:238,(anonymous_8)
FN:246,(anonymous_9)
FN:311,(anonymous_10)
FN:317,(anonymous_11)
FN:325,(anonymous_12)
FN:341,(anonymous_13)
FN:357,(anonymous_14)
FN:366,(anonymous_15)
FN:376,(anonymous_16)
FNF:17
FNH:0
FNDA:0,(anonymous_0)
FNDA:0,(anonymous_1)
FNDA:0,(anonymous_2)
FNDA:0,(anonymous_3)
FNDA:0,(anonymous_4)
FNDA:0,(anonymous_5)
FNDA:0,(anonymous_6)
FNDA:0,(anonymous_7)
FNDA:0,(anonymous_8)
FNDA:0,(anonymous_9)
FNDA:0,(anonymous_10)
FNDA:0,(anonymous_11)
FNDA:0,(anonymous_12)
FNDA:0,(anonymous_13)
FNDA:0,(anonymous_14)
FNDA:0,(anonymous_15)
FNDA:0,(anonymous_16)
DA:2,0
DA:9,0
DA:10,0
DA:11,0
DA:12,0
DA:13,0
DA:14,0
DA:15,0
DA:16,0
DA:17,0
DA:18,0
DA:39,0
DA:40,0
DA:41,0
DA:42,0
DA:43,0
DA:44,0
DA:51,0
DA:54,0
DA:64,0
DA:65,0
DA:70,0
DA:74,0
DA:77,0
DA:84,0
DA:87,0
DA:88,0
DA:92,0
DA:93,0
DA:96,0
DA:103,0
DA:104,0
DA:105,0
DA:107,0
DA:114,0
DA:115,0
DA:116,0
DA:123,0
DA:124,0
DA:126,0
DA:127,0
DA:128,0
DA:130,0
DA:131,0
DA:134,0
DA:135,0
DA:139,0
DA:146,0
DA:148,0
DA:158,0
DA:167,0
DA:176,0
DA:185,0
DA:195,0
DA:204,0
DA:214,0
DA:224,0
DA:243,0
DA:245,0
DA:246,0
DA:249,0
DA:251,0
DA:252,0
DA:253,0
DA:258,0
DA:262,0
DA:263,0
DA:264,0
DA:266,0
DA:270,0
DA:271,0
DA:273,0
DA:276,0
DA:277,0
DA:279,0
DA:283,0
DA:286,0
DA:293,0
DA:300,0
DA:317,0
DA:318,0
DA:319,0
DA:322,0
DA:323,0
DA:325,0
DA:326,0
DA:327,0
DA:330,0
DA:342,0
DA:345,0
DA:346,0
DA:347,0
DA:351,0
DA:358,0
DA:359,0
DA:360,0
DA:373,0
DA:374,0
DA:376,0
DA:377,0
DA:381,0
DA:383,0
DA:384,0
DA:387,0
DA:388,0
DA:391,0
DA:392,0
DA:395,0
LF:108
LH:0
BRDA:9,0,0,0
BRDA:9,0,1,0
BRDA:54,1,0,0
BRDA:54,1,1,0
BRDA:64,2,0,0
BRDA:64,2,1,0
BRDA:87,3,0,0
BRDA:87,3,1,0
BRDA:93,4,0,0
BRDA:93,4,1,0
BRDA:105,5,0,0
BRDA:105,5,1,0
BRDA:116,6,0,0
BRDA:116,6,1,0
BRDA:128,7,0,0
BRDA:128,7,1,0
BRDA:128,8,0,0
BRDA:128,8,1,0
BRDA:134,9,0,0
BRDA:134,9,1,0
BRDA:146,10,0,0
BRDA:146,10,1,0
BRDA:146,10,2,0
BRDA:146,10,3,0
BRDA:146,10,4,0
BRDA:146,10,5,0
BRDA:146,10,6,0
BRDA:146,10,7,0
BRDA:146,10,8,0
BRDA:179,11,0,0
BRDA:179,11,1,0
BRDA:245,12,0,0
BRDA:245,12,1,0
BRDA:249,13,0,0
BRDA:249,13,1,0
BRDA:249,13,2,0
BRDA:249,13,3,0
BRDA:249,13,4,0
BRDA:249,13,5,0
BRDA:251,14,0,0
BRDA:251,14,1,0
BRDA:262,15,0,0
BRDA:262,15,1,0
BRDA:262,16,0,0
BRDA:262,16,1,0
BRDA:270,17,0,0
BRDA:270,17,1,0
BRDA:270,18,0,0
BRDA:270,18,1,0
BRDA:276,19,0,0
BRDA:276,19,1,0
BRDA:276,20,0,0
BRDA:276,20,1,0
BRDA:318,21,0,0
BRDA:318,21,1,0
BRDA:327,22,0,0
BRDA:327,22,1,0
BRDA:346,23,0,0
BRDA:346,23,1,0
BRDA:377,24,0,0
BRDA:377,24,1,0
BRDA:383,25,0,0
BRDA:383,25,1,0
BRDA:387,26,0,0
BRDA:387,26,1,0
BRDA:391,27,0,0
BRDA:391,27,1,0
BRF:67
BRH:0
end_of_record
TN:
SF:src/services/LoggingService.ts
FN:41,(anonymous_1)
FN:109,(anonymous_2)
FN:111,(anonymous_3)
FN:119,(anonymous_4)
FN:141,(anonymous_5)
FN:165,(anonymous_6)
FN:186,(anonymous_7)
FN:198,(anonymous_8)
FN:207,(anonymous_9)
FN:218,(anonymous_10)
FN:228,(anonymous_11)
FN:237,(anonymous_12)
FN:248,(anonymous_13)
FN:258,(anonymous_14)
FN:270,(anonymous_15)
FN:287,(anonymous_16)
FN:292,(anonymous_17)
FNF:17
FNH:4
FNDA:37,(anonymous_1)
FNDA:1,(anonymous_2)
FNDA:1,(anonymous_3)
FNDA:0,(anonymous_4)
FNDA:0,(anonymous_5)
FNDA:0,(anonymous_6)
FNDA:0,(anonymous_7)
FNDA:0,(anonymous_8)
FNDA:0,(anonymous_9)
FNDA:0,(anonymous_10)
FNDA:37,(anonymous_11)
FNDA:0,(anonymous_12)
FNDA:0,(anonymous_13)
FNDA:0,(anonymous_14)
FNDA:0,(anonymous_15)
FNDA:0,(anonymous_16)
FNDA:0,(anonymous_17)
DA:1,1
DA:2,1
DA:3,1
DA:4,1
DA:7,1
DA:16,1
DA:25,1
DA:28,1
DA:31,1
DA:38,1
DA:42,37
DA:43,37
DA:44,37
DA:46,37
DA:51,1
DA:106,1
DA:112,1
DA:113,1
DA:115,1
DA:120,0
DA:133,0
DA:134,0
DA:136,0
DA:142,0
DA:155,0
DA:156,0
DA:157,0
DA:158,0
DA:160,0
DA:166,0
DA:173,0
DA:175,0
DA:176,0
DA:178,0
DA:179,0
DA:181,0
DA:187,0
DA:199,0
DA:208,0
DA:219,0
DA:229,37
DA:238,0
DA:249,0
DA:259,0
DA:261,0
DA:271,0
DA:273,0
DA:275,0
DA:284,1
DA:287,1
DA:288,0
DA:289,0
DA:292,1
DA:293,0
DA:294,0
LF:55
LH:23
BRDA:43,0,0,37
BRDA:43,0,1,0
BRDA:59,1,0,0
BRDA:59,1,1,1
BRDA:63,2,0,0
BRDA:63,2,1,1
BRDA:112,3,0,1
BRDA:112,3,1,0
BRDA:125,4,0,0
BRDA:125,4,1,0
BRDA:129,5,0,0
BRDA:129,5,1,0
BRDA:130,6,0,0
BRDA:130,6,1,0
BRDA:133,7,0,0
BRDA:133,7,1,0
BRDA:145,8,0,0
BRDA:145,8,1,0
BRDA:146,9,0,0
BRDA:146,9,1,0
BRDA:149,10,0,0
BRDA:149,10,1,0
BRDA:150,11,0,0
BRDA:150,11,1,0
BRDA:151,12,0,0
BRDA:151,12,1,0
BRDA:151,13,0,0
BRDA:151,13,1,0
BRDA:155,14,0,0
BRDA:155,14,1,0
BRDA:157,15,0,0
BRDA:157,15,1,0
BRDA:157,16,0,0
BRDA:157,16,1,0
BRDA:165,17,0,0
BRDA:173,18,0,0
BRDA:173,18,1,0
BRDA:173,18,2,0
BRDA:192,19,0,0
BRDA:192,19,1,0
BRDA:193,20,0,0
BRDA:193,20,1,0
BRDA:207,21,0,0
BRDA:218,22,0,0
BRDA:228,23,0,12
BRDA:237,24,0,0
BRDA:248,25,0,0
BRDA:258,26,0,0
BRDA:259,27,0,0
BRDA:259,27,1,0
BRDA:259,28,0,0
BRDA:259,28,1,0
BRDA:276,29,0,0
BRDA:276,29,1,0
BRF:54
BRH:5
end_of_record
TN:
SF:src/services/MetronomeService.ts
FN:13,(anonymous_0)
FN:23,(anonymous_1)
FN:31,(anonymous_2)
FN:65,(anonymous_3)
FN:77,(anonymous_4)
FN:86,(anonymous_5)
FN:93,(anonymous_6)
FN:100,(anonymous_7)
FN:108,(anonymous_8)
FN:120,(anonymous_9)
FN:126,(anonymous_10)
FN:142,(anonymous_11)
FN:153,(anonymous_12)
FN:164,(anonymous_13)
FN:175,(anonymous_14)
FN:186,(anonymous_15)
FN:187,(anonymous_16)
FN:196,(anonymous_17)
FN:203,(anonymous_18)
FN:211,(anonymous_19)
FNF:20
FNH:0
FNDA:0,(anonymous_0)
FNDA:0,(anonymous_1)
FNDA:0,(anonymous_2)
FNDA:0,(anonymous_3)
FNDA:0,(anonymous_4)
FNDA:0,(anonymous_5)
FNDA:0,(anonymous_6)
FNDA:0,(anonymous_7)
FNDA:0,(anonymous_8)
FNDA:0,(anonymous_9)
FNDA:0,(anonymous_10)
FNDA:0,(anonymous_11)
FNDA:0,(anonymous_12)
FNDA:0,(anonymous_13)
FNDA:0,(anonymous_14)
FNDA:0,(anonymous_15)
FNDA:0,(anonymous_16)
FNDA:0,(anonymous_17)
FNDA:0,(anonymous_18)
FNDA:0,(anonymous_19)
DA:9,0
DA:10,0
DA:11,0
DA:14,0
DA:15,0
DA:16,0
DA:24,0
DA:26,0
DA:27,0
DA:29,0
DA:31,0
DA:32,0
DA:33,0
DA:34,0
DA:35,0
DA:38,0
DA:41,0
DA:42,0
DA:43,0
DA:47,0
DA:54,0
DA:55,0
DA:58,0
DA:66,0
DA:67,0
DA:68,0
DA:70,0
DA:79,0
DA:87,0
DA:94,0
DA:101,0
DA:109,0
DA:117,0
DA:118,0
DA:120,0
DA:128,0
DA:131,0
DA:132,0
DA:135,0
DA:143,0
DA:144,0
DA:145,0
DA:154,0
DA:155,0
DA:156,0
DA:165,0
DA:166,0
DA:167,0
DA:176,0
DA:177,0
DA:178,0
DA:179,0
DA:187,0
DA:188,0
DA:189,0
DA:197,0
DA:204,0
DA:212,0
DA:213,0
DA:215,0
LF:60
LH:0
BRDA:27,0,0,0
BRDA:27,0,1,0
BRDA:33,1,0,0
BRDA:33,1,1,0
BRDA:42,2,0,0
BRDA:42,2,1,0
BRDA:66,3,0,0
BRDA:66,3,1,0
BRDA:144,4,0,0
BRDA:144,4,1,0
BRDA:155,5,0,0
BRDA:155,5,1,0
BRDA:166,6,0,0
BRDA:166,6,1,0
BRDA:177,7,0,0
BRDA:177,7,1,0
BRDA:189,8,0,0
BRDA:189,8,1,0
BRF:18
BRH:0
end_of_record
TN:
SF:src/services/NamespaceCleanupService.ts
FN:41,(anonymous_0)
FN:52,(anonymous_1)
FN:70,(anonymous_2)
FN:84,(anonymous_3)
FN:89,(anonymous_4)
FN:93,(anonymous_5)
FN:102,(anonymous_6)
FN:105,(anonymous_7)
FN:114,(anonymous_8)
FN:118,(anonymous_9)
FN:127,(anonymous_10)
FN:132,(anonymous_11)
FN:139,(anonymous_12)
FN:146,(anonymous_13)
FN:148,(anonymous_14)
FN:153,(anonymous_15)
FN:166,(anonymous_16)
FN:178,(anonymous_17)
FN:240,(anonymous_18)
FN:315,(anonymous_19)
FN:329,(anonymous_20)
FN:342,(anonymous_21)
FN:359,(anonymous_22)
FN:371,(anonymous_23)
FN:384,(anonymous_24)
FN:395,(anonymous_25)
FN:412,(anonymous_26)
FN:414,(anonymous_27)
FN:426,(anonymous_28)
FN:428,(anonymous_29)
FN:444,(anonymous_30)
FN:453,(anonymous_31)
FN:460,(anonymous_32)
FN:467,(anonymous_33)
FN:491,(anonymous_34)
FN:501,(anonymous_35)
FN:510,(anonymous_36)
FN:522,(anonymous_37)
FNF:38
FNH:0
FNDA:0,(anonymous_0)
FNDA:0,(anonymous_1)
FNDA:0,(anonymous_2)
FNDA:0,(anonymous_3)
FNDA:0,(anonymous_4)
FNDA:0,(anonymous_5)
FNDA:0,(anonymous_6)
FNDA:0,(anonymous_7)
FNDA:0,(anonymous_8)
FNDA:0,(anonymous_9)
FNDA:0,(anonymous_10)
FNDA:0,(anonymous_11)
FNDA:0,(anonymous_12)
FNDA:0,(anonymous_13)
FNDA:0,(anonymous_14)
FNDA:0,(anonymous_15)
FNDA:0,(anonymous_16)
FNDA:0,(anonymous_17)
FNDA:0,(anonymous_18)
FNDA:0,(anonymous_19)
FNDA:0,(anonymous_20)
FNDA:0,(anonymous_21)
FNDA:0,(anonymous_22)
FNDA:0,(anonymous_23)
FNDA:0,(anonymous_24)
FNDA:0,(anonymous_25)
FNDA:0,(anonymous_26)
FNDA:0,(anonymous_27)
FNDA:0,(anonymous_28)
FNDA:0,(anonymous_29)
FNDA:0,(anonymous_30)
FNDA:0,(anonymous_31)
FNDA:0,(anonymous_32)
FNDA:0,(anonymous_33)
FNDA:0,(anonymous_34)
FNDA:0,(anonymous_35)
FNDA:0,(anonymous_36)
FNDA:0,(anonymous_37)
DA:4,0
DA:26,0
DA:28,0
DA:29,0
DA:31,0
DA:34,0
DA:35,0
DA:36,0
DA:37,0
DA:38,0
DA:39,0
DA:42,0
DA:43,0
DA:44,0
DA:46,0
DA:47,0
DA:48,0
DA:49,0
DA:57,0
DA:58,0
DA:64,0
DA:71,0
DA:86,0
DA:90,0
DA:94,0
DA:99,0
DA:103,0
DA:106,0
DA:111,0
DA:115,0
DA:119,0
DA:124,0
DA:128,0
DA:129,0
DA:133,0
DA:137,0
DA:139,0
DA:148,0
DA:149,0
DA:153,0
DA:154,0
DA:157,0
DA:167,0
DA:168,0
DA:170,0
DA:171,0
DA:173,0
DA:174,0
DA:175,0
DA:178,0
DA:180,0
DA:181,0
DA:183,0
DA:184,0
DA:185,0
DA:186,0
DA:187,0
DA:189,0
DA:196,0
DA:198,0
DA:209,0
DA:212,0
DA:213,0
DA:215,0
DA:216,0
DA:217,0
DA:218,0
DA:219,0
DA:222,0
DA:231,0
DA:241,0
DA:244,0
DA:245,0
DA:248,0
DA:254,0
DA:255,0
DA:257,0
DA:259,0
DA:260,0
DA:262,0
DA:264,0
DA:265,0
DA:269,0
DA:271,0
DA:275,0
DA:276,0
DA:277,0
DA:278,0
DA:280,0
DA:289,0
DA:290,0
DA:291,0
DA:294,0
DA:295,0
DA:296,0
DA:298,0
DA:306,0
DA:316,0
DA:317,0
DA:319,0
DA:320,0
DA:321,0
DA:330,0
DA:331,0
DA:332,0
DA:333,0
DA:334,0
DA:343,0
DA:344,0
DA:345,0
DA:346,0
DA:348,0
DA:349,0
DA:350,0
DA:360,0
DA:365,0
DA:372,0
DA:373,0
DA:374,0
DA:375,0
DA:376,0
DA:385,0
DA:386,0
DA:387,0
DA:389,0
DA:396,0
DA:397,0
DA:398,0
DA:401,0
DA:402,0
DA:403,0
DA:406,0
DA:413,0
DA:414,0
DA:416,0
DA:427,0
DA:428,0
DA:430,0
DA:431,0
DA:432,0
DA:438,0
DA:445,0
DA:446,0
DA:447,0
DA:454,0
DA:461,0
DA:475,0
DA:476,0
DA:478,0
DA:498,0
DA:499,0
DA:500,0
DA:501,0
DA:502,0
DA:507,0
DA:508,0
DA:509,0
DA:510,0
DA:511,0
DA:516,0
DA:523,0
DA:524,0
DA:525,0
DA:528,0
DA:529,0
DA:530,0
DA:533,0
LF:167
LH:0
BRDA:57,0,0,0
BRDA:57,0,1,0
BRDA:90,1,0,0
BRDA:90,1,1,0
BRDA:115,2,0,0
BRDA:115,2,1,0
BRDA:129,3,0,0
BRDA:129,3,1,0
BRDA:184,4,0,0
BRDA:184,4,1,0
BRDA:244,5,0,0
BRDA:244,5,1,0
BRDA:264,6,0,0
BRDA:264,6,1,0
BRDA:271,7,0,0
BRDA:271,7,1,0
BRDA:271,7,2,0
BRDA:271,7,3,0
BRDA:275,8,0,0
BRDA:275,8,1,0
BRDA:289,9,0,0
BRDA:289,9,1,0
BRDA:317,10,0,0
BRDA:317,10,1,0
BRDA:320,11,0,0
BRDA:320,11,1,0
BRDA:331,12,0,0
BRDA:331,12,1,0
BRDA:333,13,0,0
BRDA:333,13,1,0
BRDA:344,14,0,0
BRDA:344,14,1,0
BRDA:346,15,0,0
BRDA:346,15,1,0
BRDA:373,16,0,0
BRDA:373,16,1,0
BRDA:375,17,0,0
BRDA:375,17,1,0
BRDA:397,18,0,0
BRDA:397,18,1,0
BRDA:397,19,0,0
BRDA:397,19,1,0
BRDA:402,20,0,0
BRDA:402,20,1,0
BRDA:402,21,0,0
BRDA:402,21,1,0
BRDA:431,22,0,0
BRDA:431,22,1,0
BRDA:498,23,0,0
BRDA:498,23,1,0
BRDA:499,24,0,0
BRDA:499,24,1,0
BRDA:507,25,0,0
BRDA:507,25,1,0
BRDA:508,26,0,0
BRDA:508,26,1,0
BRDA:523,27,0,0
BRDA:523,27,1,0
BRDA:528,28,0,0
BRDA:528,28,1,0
BRF:60
BRH:0
end_of_record
TN:
SF:src/services/NamespaceGracePeriodManager.ts
FN:23,(anonymous_0)
FN:34,(anonymous_1)
FN:69,(anonymous_2)
FN:97,(anonymous_3)
FN:125,(anonymous_4)
FN:150,(anonymous_5)
FN:169,(anonymous_6)
FN:184,(anonymous_7)
FN:195,(anonymous_8)
FN:210,(anonymous_9)
FN:238,(anonymous_10)
FN:245,(anonymous_11)
FN:284,(anonymous_12)
FN:285,(anonymous_13)
FN:293,(anonymous_14)
FNF:15
FNH:0
FNDA:0,(anonymous_0)
FNDA:0,(anonymous_1)
FNDA:0,(anonymous_2)
FNDA:0,(anonymous_3)
FNDA:0,(anonymous_4)
FNDA:0,(anonymous_5)
FNDA:0,(anonymous_6)
FNDA:0,(anonymous_7)
FNDA:0,(anonymous_8)
FNDA:0,(anonymous_9)
FNDA:0,(anonymous_10)
FNDA:0,(anonymous_11)
FNDA:0,(anonymous_12)
FNDA:0,(anonymous_13)
FNDA:0,(anonymous_14)
DA:1,0
DA:17,0
DA:19,0
DA:20,0
DA:24,0
DA:27,0
DA:41,0
DA:42,0
DA:45,0
DA:54,0
DA:56,0
DA:70,0
DA:71,0
DA:72,0
DA:75,0
DA:76,0
DA:77,0
DA:80,0
DA:81,0
DA:83,0
DA:84,0
DA:85,0
DA:87,0
DA:90,0
DA:98,0
DA:99,0
DA:100,0
DA:103,0
DA:104,0
DA:105,0
DA:109,0
DA:110,0
DA:111,0
DA:112,0
DA:113,0
DA:115,0
DA:118,0
DA:126,0
DA:127,0
DA:128,0
DA:131,0
DA:132,0
DA:133,0
DA:136,0
DA:137,0
DA:143,0
DA:151,0
DA:152,0
DA:153,0
DA:156,0
DA:157,0
DA:158,0
DA:160,0
DA:161,0
DA:162,0
DA:164,0
DA:169,0
DA:170,0
DA:173,0
DA:174,0
DA:177,0
DA:185,0
DA:186,0
DA:187,0
DA:196,0
DA:197,0
DA:198,0
DA:200,0
DA:201,0
DA:203,0
DA:204,0
DA:205,0
DA:209,0
DA:210,0
DA:211,0
DA:212,0
DA:216,0
DA:219,0
DA:220,0
DA:224,0
DA:225,0
DA:232,0
DA:239,0
DA:250,0
DA:251,0
DA:252,0
DA:254,0
DA:255,0
DA:257,0
DA:258,0
DA:259,0
DA:260,0
DA:261,0
DA:265,0
DA:266,0
DA:274,0
DA:285,0
DA:286,0
DA:294,0
DA:295,0
DA:297,0
DA:302,0
LF:102
LH:0
BRDA:39,0,0,0
BRDA:41,1,0,0
BRDA:41,1,1,0
BRDA:71,2,0,0
BRDA:71,2,1,0
BRDA:76,3,0,0
BRDA:76,3,1,0
BRDA:81,4,0,0
BRDA:81,4,1,0
BRDA:84,5,0,0
BRDA:84,5,1,0
BRDA:99,6,0,0
BRDA:99,6,1,0
BRDA:104,7,0,0
BRDA:104,7,1,0
BRDA:110,8,0,0
BRDA:110,8,1,0
BRDA:112,9,0,0
BRDA:112,9,1,0
BRDA:127,10,0,0
BRDA:127,10,1,0
BRDA:132,11,0,0
BRDA:132,11,1,0
BRDA:136,12,0,0
BRDA:136,12,1,0
BRDA:152,13,0,0
BRDA:152,13,1,0
BRDA:161,14,0,0
BRDA:161,14,1,0
BRDA:173,15,0,0
BRDA:173,15,1,0
BRDA:186,16,0,0
BRDA:186,16,1,0
BRDA:204,17,0,0
BRDA:204,17,1,0
BRDA:209,18,0,0
BRDA:209,18,1,0
BRDA:219,19,0,0
BRDA:219,19,1,0
BRDA:224,20,0,0
BRDA:224,20,1,0
BRDA:259,21,0,0
BRDA:259,21,1,0
BRDA:265,22,0,0
BRDA:265,22,1,0
BRDA:294,23,0,0
BRDA:294,23,1,0
BRF:47
BRH:0
end_of_record
TN:
SF:src/services/NamespaceManager.ts
FN:19,(anonymous_0)
FN:21,(anonymous_1)
FN:34,(anonymous_2)
FN:42,(anonymous_3)
FN:80,(anonymous_4)
FN:118,(anonymous_5)
FN:155,(anonymous_6)
FN:167,(anonymous_7)
FN:174,(anonymous_8)
FN:181,(anonymous_9)
FN:189,(anonymous_10)
FN:219,(anonymous_11)
FN:227,(anonymous_12)
FN:235,(anonymous_13)
FN:236,(anonymous_14)
FN:249,(anonymous_15)
FN:265,(anonymous_16)
FN:278,(anonymous_17)
FN:302,(anonymous_18)
FN:311,(anonymous_19)
FN:322,(anonymous_20)
FN:332,(anonymous_21)
FN:340,(anonymous_22)
FN:347,(anonymous_23)
FN:354,(anonymous_24)
FN:362,(anonymous_25)
FNF:26
FNH:0
FNDA:0,(anonymous_0)
FNDA:0,(anonymous_1)
FNDA:0,(anonymous_2)
FNDA:0,(anonymous_3)
FNDA:0,(anonymous_4)
FNDA:0,(anonymous_5)
FNDA:0,(anonymous_6)
FNDA:0,(anonymous_7)
FNDA:0,(anonymous_8)
FNDA:0,(anonymous_9)
FNDA:0,(anonymous_10)
FNDA:0,(anonymous_11)
FNDA:0,(anonymous_12)
FNDA:0,(anonymous_13)
FNDA:0,(anonymous_14)
FNDA:0,(anonymous_15)
FNDA:0,(anonymous_16)
FNDA:0,(anonymous_17)
FNDA:0,(anonymous_18)
FNDA:0,(anonymous_19)
FNDA:0,(anonymous_20)
FNDA:0,(anonymous_21)
FNDA:0,(anonymous_22)
FNDA:0,(anonymous_23)
FNDA:0,(anonymous_24)
FNDA:0,(anonymous_25)
DA:2,0
DA:12,0
DA:13,0
DA:15,0
DA:16,0
DA:17,0
DA:19,0
DA:21,0
DA:22,0
DA:25,0
DA:35,0
DA:43,0
DA:44,0
DA:46,0
DA:48,0
DA:49,0
DA:50,0
DA:54,0
DA:55,0
DA:62,0
DA:65,0
DA:68,0
DA:69,0
DA:72,0
DA:73,0
DA:81,0
DA:82,0
DA:84,0
DA:86,0
DA:87,0
DA:88,0
DA:92,0
DA:93,0
DA:100,0
DA:103,0
DA:106,0
DA:107,0
DA:110,0
DA:111,0
DA:119,0
DA:120,0
DA:122,0
DA:124,0
DA:125,0
DA:126,0
DA:130,0
DA:131,0
DA:138,0
DA:141,0
DA:144,0
DA:145,0
DA:148,0
DA:149,0
DA:156,0
DA:157,0
DA:158,0
DA:159,0
DA:161,0
DA:168,0
DA:175,0
DA:182,0
DA:190,0
DA:191,0
DA:192,0
DA:195,0
DA:198,0
DA:201,0
DA:204,0
DA:206,0
DA:212,0
DA:220,0
DA:228,0
DA:236,0
DA:237,0
DA:238,0
DA:239,0
DA:240,0
DA:243,0
DA:249,0
DA:250,0
DA:251,0
DA:252,0
DA:253,0
DA:256,0
DA:265,0
DA:266,0
DA:267,0
DA:268,0
DA:279,0
DA:280,0
DA:282,0
DA:283,0
DA:286,0
DA:287,0
DA:291,0
DA:292,0
DA:296,0
DA:297,0
DA:302,0
DA:303,0
DA:322,0
DA:330,0
DA:332,0
DA:341,0
DA:348,0
DA:356,0
DA:357,0
DA:361,0
DA:362,0
DA:363,0
DA:366,0
LF:111
LH:0
BRDA:46,0,0,0
BRDA:46,0,1,0
BRDA:68,1,0,0
BRDA:68,1,1,0
BRDA:84,2,0,0
BRDA:84,2,1,0
BRDA:106,3,0,0
BRDA:106,3,1,0
BRDA:122,4,0,0
BRDA:122,4,1,0
BRDA:144,5,0,0
BRDA:144,5,1,0
BRDA:157,6,0,0
BRDA:157,6,1,0
BRDA:191,7,0,0
BRDA:191,7,1,0
BRDA:238,8,0,0
BRDA:238,8,1,0
BRDA:246,9,0,0
BRDA:246,9,1,0
BRDA:251,10,0,0
BRDA:251,10,1,0
BRDA:260,11,0,0
BRDA:260,11,1,0
BRDA:267,12,0,0
BRDA:267,12,1,0
BRDA:286,13,0,0
BRDA:286,13,1,0
BRDA:291,14,0,0
BRDA:291,14,1,0
BRDA:291,15,0,0
BRDA:291,15,1,0
BRDA:296,16,0,0
BRDA:296,16,1,0
BRDA:356,17,0,0
BRDA:356,17,1,0
BRF:36
BRH:0
end_of_record
TN:
SF:src/services/PerformanceMonitoringService.ts
FN:71,(anonymous_0)
FN:80,(anonymous_1)
FN:96,(anonymous_2)
FN:118,(anonymous_3)
FN:120,(anonymous_4)
FN:127,(anonymous_5)
FN:132,(anonymous_6)
FN:147,(anonymous_7)
FN:200,(anonymous_8)
FN:218,(anonymous_9)
FN:261,(anonymous_10)
FN:269,(anonymous_11)
FN:303,(anonymous_12)
FN:328,(anonymous_13)
FN:383,(anonymous_14)
FN:423,(anonymous_15)
FN:462,(anonymous_16)
FN:476,(anonymous_17)
FN:491,(anonymous_18)
FN:499,(anonymous_19)
FN:511,(anonymous_20)
FN:519,(anonymous_21)
FN:528,(anonymous_22)
FN:536,(anonymous_23)
FN:544,(anonymous_24)
FN:554,(anonymous_25)
FN:561,(anonymous_26)
FN:563,(anonymous_27)
FN:566,(anonymous_28)
FN:568,(anonymous_29)
FN:584,(anonymous_30)
FNF:31
FNH:0
FNDA:0,(anonymous_0)
FNDA:0,(anonymous_1)
FNDA:0,(anonymous_2)
FNDA:0,(anonymous_3)
FNDA:0,(anonymous_4)
FNDA:0,(anonymous_5)
FNDA:0,(anonymous_6)
FNDA:0,(anonymous_7)
FNDA:0,(anonymous_8)
FNDA:0,(anonymous_9)
FNDA:0,(anonymous_10)
FNDA:0,(anonymous_11)
FNDA:0,(anonymous_12)
FNDA:0,(anonymous_13)
FNDA:0,(anonymous_14)
FNDA:0,(anonymous_15)
FNDA:0,(anonymous_16)
FNDA:0,(anonymous_17)
FNDA:0,(anonymous_18)
FNDA:0,(anonymous_19)
FNDA:0,(anonymous_20)
FNDA:0,(anonymous_21)
FNDA:0,(anonymous_22)
FNDA:0,(anonymous_23)
FNDA:0,(anonymous_24)
FNDA:0,(anonymous_25)
FNDA:0,(anonymous_26)
FNDA:0,(anonymous_27)
FNDA:0,(anonymous_28)
FNDA:0,(anonymous_29)
FNDA:0,(anonymous_30)
DA:1,0
DA:52,0
DA:54,0
DA:55,0
DA:57,0
DA:58,0
DA:59,0
DA:62,0
DA:63,0
DA:64,0
DA:65,0
DA:66,0
DA:67,0
DA:68,0
DA:69,0
DA:72,0
DA:73,0
DA:75,0
DA:76,0
DA:77,0
DA:84,0
DA:85,0
DA:90,0
DA:97,0
DA:120,0
DA:121,0
DA:122,0
DA:123,0
DA:127,0
DA:128,0
DA:132,0
DA:133,0
DA:136,0
DA:148,0
DA:150,0
DA:151,0
DA:164,0
DA:168,0
DA:169,0
DA:172,0
DA:173,0
DA:176,0
DA:177,0
DA:184,0
DA:185,0
DA:188,0
DA:201,0
DA:202,0
DA:203,0
DA:204,0
DA:207,0
DA:225,0
DA:227,0
DA:228,0
DA:240,0
DA:244,0
DA:245,0
DA:248,0
DA:249,0
DA:262,0
DA:270,0
DA:271,0
DA:272,0
DA:275,0
DA:292,0
DA:304,0
DA:306,0
DA:307,0
DA:310,0
DA:313,0
DA:330,0
DA:331,0
DA:335,0
DA:336,0
DA:343,0
DA:344,0
DA:345,0
DA:352,0
DA:353,0
DA:362,0
DA:363,0
DA:364,0
DA:365,0
DA:369,0
DA:370,0
DA:384,0
DA:385,0
DA:386,0
DA:387,0
DA:390,0
DA:391,0
DA:393,0
DA:394,0
DA:395,0
DA:400,0
DA:401,0
DA:403,0
DA:404,0
DA:405,0
DA:409,0
DA:410,0
DA:425,0
DA:426,0
DA:427,0
DA:429,0
DA:430,0
DA:432,0
DA:433,0
DA:434,0
DA:435,0
DA:439,0
DA:440,0
DA:448,0
DA:449,0
DA:450,0
DA:451,0
DA:463,0
DA:465,0
DA:466,0
DA:467,0
DA:470,0
DA:477,0
DA:479,0
DA:480,0
DA:481,0
DA:482,0
DA:485,0
DA:492,0
DA:493,0
DA:501,0
DA:502,0
DA:504,0
DA:512,0
DA:520,0
DA:521,0
DA:529,0
DA:537,0
DA:553,0
DA:554,0
DA:556,0
DA:558,0
DA:560,0
DA:561,0
DA:563,0
DA:565,0
DA:566,0
DA:568,0
DA:570,0
DA:585,0
DA:586,0
DA:587,0
DA:590,0
DA:591,0
DA:592,0
DA:595,0
DA:596,0
DA:597,0
DA:600,0
LF:158
LH:0
BRDA:84,0,0,0
BRDA:84,0,1,0
BRDA:150,1,0,0
BRDA:150,1,1,0
BRDA:172,2,0,0
BRDA:172,2,1,0
BRDA:176,3,0,0
BRDA:176,3,1,0
BRDA:176,4,0,0
BRDA:176,4,1,0
BRDA:184,5,0,0
BRDA:184,5,1,0
BRDA:200,6,0,0
BRDA:202,7,0,0
BRDA:202,7,1,0
BRDA:227,8,0,0
BRDA:227,8,1,0
BRDA:248,9,0,0
BRDA:248,9,1,0
BRDA:330,10,0,0
BRDA:330,10,1,0
BRDA:335,11,0,0
BRDA:335,11,1,0
BRDA:344,12,0,0
BRDA:344,12,1,0
BRDA:352,13,0,0
BRDA:352,13,1,0
BRDA:364,14,0,0
BRDA:364,14,1,0
BRDA:364,15,0,0
BRDA:364,15,1,0
BRDA:369,16,0,0
BRDA:369,16,1,0
BRDA:393,17,0,0
BRDA:393,17,1,0
BRDA:393,18,0,0
BRDA:393,18,1,0
BRDA:403,19,0,0
BRDA:403,19,1,0
BRDA:409,20,0,0
BRDA:409,20,1,0
BRDA:409,21,0,0
BRDA:409,21,1,0
BRDA:432,22,0,0
BRDA:432,22,1,0
BRDA:432,23,0,0
BRDA:432,23,1,0
BRDA:439,24,0,0
BRDA:439,24,1,0
BRDA:448,25,0,0
BRDA:448,25,1,0
BRDA:449,26,0,0
BRDA:449,26,1,0
BRDA:463,27,0,0
BRDA:463,27,1,0
BRDA:479,28,0,0
BRDA:479,28,1,0
BRDA:481,29,0,0
BRDA:481,29,1,0
BRDA:521,30,0,0
BRDA:521,30,1,0
BRDA:554,31,0,0
BRDA:554,31,1,0
BRDA:585,32,0,0
BRDA:585,32,1,0
BRDA:590,33,0,0
BRDA:590,33,1,0
BRDA:595,34,0,0
BRDA:595,34,1,0
BRF:69
BRH:0
end_of_record
TN:
SF:src/services/RoomService.ts
FN:15,(anonymous_0)
FN:20,(anonymous_1)
FN:58,(anonymous_2)
FN:74,(anonymous_3)
FN:84,(anonymous_4)
FN:85,(anonymous_5)
FN:100,(anonymous_6)
FN:108,(anonymous_7)
FN:120,(anonymous_8)
FN:127,(anonymous_9)
FN:131,(anonymous_10)
FN:134,(anonymous_11)
FN:142,(anonymous_12)
FN:150,(anonymous_13)
FN:162,(anonymous_14)
FN:173,(anonymous_15)
FN:214,(anonymous_16)
FN:218,(anonymous_17)
FN:225,(anonymous_18)
FN:238,(anonymous_19)
FN:251,(anonymous_20)
FN:266,(anonymous_21)
FN:270,(anonymous_22)
FN:285,(anonymous_23)
FN:294,(anonymous_24)
FN:339,(anonymous_25)
FN:356,(anonymous_26)
FN:365,(anonymous_27)
FN:369,(anonymous_28)
FN:380,(anonymous_29)
FN:384,(anonymous_30)
FN:400,(anonymous_31)
FN:405,(anonymous_32)
FN:418,(anonymous_33)
FN:423,(anonymous_34)
FN:428,(anonymous_35)
FN:433,(anonymous_36)
FN:438,(anonymous_37)
FN:442,(anonymous_38)
FN:467,(anonymous_39)
FN:476,(anonymous_40)
FN:489,(anonymous_41)
FNF:42
FNH:0
FNDA:0,(anonymous_0)
FNDA:0,(anonymous_1)
FNDA:0,(anonymous_2)
FNDA:0,(anonymous_3)
FNDA:0,(anonymous_4)
FNDA:0,(anonymous_5)
FNDA:0,(anonymous_6)
FNDA:0,(anonymous_7)
FNDA:0,(anonymous_8)
FNDA:0,(anonymous_9)
FNDA:0,(anonymous_10)
FNDA:0,(anonymous_11)
FNDA:0,(anonymous_12)
FNDA:0,(anonymous_13)
FNDA:0,(anonymous_14)
FNDA:0,(anonymous_15)
FNDA:0,(anonymous_16)
FNDA:0,(anonymous_17)
FNDA:0,(anonymous_18)
FNDA:0,(anonymous_19)
FNDA:0,(anonymous_20)
FNDA:0,(anonymous_21)
FNDA:0,(anonymous_22)
FNDA:0,(anonymous_23)
FNDA:0,(anonymous_24)
FNDA:0,(anonymous_25)
FNDA:0,(anonymous_26)
FNDA:0,(anonymous_27)
FNDA:0,(anonymous_28)
FNDA:0,(anonymous_29)
FNDA:0,(anonymous_30)
FNDA:0,(anonymous_31)
FNDA:0,(anonymous_32)
FNDA:0,(anonymous_33)
FNDA:0,(anonymous_34)
FNDA:0,(anonymous_35)
FNDA:0,(anonymous_36)
FNDA:0,(anonymous_37)
FNDA:0,(anonymous_38)
FNDA:0,(anonymous_39)
FNDA:0,(anonymous_40)
FNDA:0,(anonymous_41)
DA:1,0
DA:3,0
DA:5,0
DA:6,0
DA:8,0
DA:9,0
DA:10,0
DA:11,0
DA:12,0
DA:16,0
DA:21,0
DA:23,0
DA:38,0
DA:45,0
DA:46,0
DA:49,0
DA:52,0
DA:54,0
DA:55,0
DA:60,0
DA:61,0
DA:62,0
DA:66,0
DA:67,0
DA:68,0
DA:71,0
DA:76,0
DA:77,0
DA:78,0
DA:79,0
DA:83,0
DA:84,0
DA:87,0
DA:88,0
DA:90,0
DA:100,0
DA:103,0
DA:105,0
DA:109,0
DA:110,0
DA:112,0
DA:114,0
DA:116,0
DA:121,0
DA:122,0
DA:124,0
DA:128,0
DA:129,0
DA:131,0
DA:135,0
DA:136,0
DA:138,0
DA:139,0
DA:143,0
DA:144,0
DA:146,0
DA:147,0
DA:151,0
DA:152,0
DA:154,0
DA:155,0
DA:157,0
DA:158,0
DA:159,0
DA:163,0
DA:164,0
DA:166,0
DA:167,0
DA:169,0
DA:170,0
DA:174,0
DA:175,0
DA:176,0
DA:179,0
DA:180,0
DA:181,0
DA:184,0
DA:185,0
DA:187,0
DA:190,0
DA:198,0
DA:209,0
DA:215,0
DA:220,0
DA:222,0
DA:227,0
DA:228,0
DA:240,0
DA:241,0
DA:242,0
DA:247,0
DA:252,0
DA:253,0
DA:255,0
DA:257,0
DA:258,0
DA:259,0
DA:260,0
DA:263,0
DA:267,0
DA:272,0
DA:275,0
DA:276,0
DA:277,0
DA:278,0
DA:282,0
DA:286,0
DA:287,0
DA:288,0
DA:289,0
DA:295,0
DA:296,0
DA:299,0
DA:301,0
DA:303,0
DA:304,0
DA:305,0
DA:306,0
DA:310,0
DA:311,0
DA:315,0
DA:318,0
DA:319,0
DA:320,0
DA:325,0
DA:326,0
DA:329,0
DA:330,0
DA:331,0
DA:332,0
DA:335,0
DA:340,0
DA:341,0
DA:344,0
DA:347,0
DA:348,0
DA:352,0
DA:357,0
DA:358,0
DA:361,0
DA:366,0
DA:370,0
DA:371,0
DA:372,0
DA:374,0
DA:381,0
DA:386,0
DA:387,0
DA:391,0
DA:392,0
DA:393,0
DA:394,0
DA:397,0
DA:401,0
DA:406,0
DA:407,0
DA:409,0
DA:410,0
DA:412,0
DA:413,0
DA:414,0
DA:419,0
DA:420,0
DA:424,0
DA:425,0
DA:429,0
DA:430,0
DA:434,0
DA:435,0
DA:437,0
DA:438,0
DA:444,0
DA:447,0
DA:450,0
DA:451,0
DA:453,0
DA:455,0
DA:456,0
DA:458,0
DA:459,0
DA:464,0
DA:467,0
DA:468,0
DA:469,0
DA:472,0
DA:477,0
DA:478,0
DA:480,0
DA:481,0
DA:484,0
DA:486,0
DA:490,0
DA:491,0
DA:493,0
LF:194
LH:0
BRDA:20,0,0,0
BRDA:20,1,0,0
BRDA:61,2,0,0
BRDA:61,2,1,0
BRDA:67,3,0,0
BRDA:67,3,1,0
BRDA:78,4,0,0
BRDA:78,4,1,0
BRDA:110,5,0,0
BRDA:110,5,1,0
BRDA:122,6,0,0
BRDA:122,6,1,0
BRDA:129,7,0,0
BRDA:129,7,1,0
BRDA:136,8,0,0
BRDA:136,8,1,0
BRDA:144,9,0,0
BRDA:144,9,1,0
BRDA:152,10,0,0
BRDA:152,10,1,0
BRDA:155,11,0,0
BRDA:155,11,1,0
BRDA:164,12,0,0
BRDA:164,12,1,0
BRDA:167,13,0,0
BRDA:167,13,1,0
BRDA:173,14,0,0
BRDA:175,15,0,0
BRDA:175,15,1,0
BRDA:180,16,0,0
BRDA:180,16,1,0
BRDA:187,17,0,0
BRDA:187,17,1,0
BRDA:227,18,0,0
BRDA:227,18,1,0
BRDA:241,19,0,0
BRDA:241,19,1,0
BRDA:253,20,0,0
BRDA:253,20,1,0
BRDA:255,21,0,0
BRDA:255,21,1,0
BRDA:258,22,0,0
BRDA:258,22,1,0
BRDA:277,23,0,0
BRDA:277,23,1,0
BRDA:288,24,0,0
BRDA:288,24,1,0
BRDA:296,25,0,0
BRDA:296,25,1,0
BRDA:301,26,0,0
BRDA:301,26,1,0
BRDA:304,27,0,0
BRDA:304,27,1,0
BRDA:310,28,0,0
BRDA:310,28,1,0
BRDA:310,29,0,0
BRDA:310,29,1,0
BRDA:315,30,0,0
BRDA:315,30,1,0
BRDA:319,31,0,0
BRDA:319,31,1,0
BRDA:320,32,0,0
BRDA:320,32,1,0
BRDA:329,33,0,0
BRDA:329,33,1,0
BRDA:329,34,0,0
BRDA:329,34,1,0
BRDA:341,35,0,0
BRDA:341,35,1,0
BRDA:352,36,0,0
BRDA:352,36,1,0
BRDA:358,37,0,0
BRDA:358,37,1,0
BRDA:358,38,0,0
BRDA:358,38,1,0
BRDA:371,39,0,0
BRDA:371,39,1,0
BRDA:386,40,0,0
BRDA:386,40,1,0
BRDA:393,41,0,0
BRDA:393,41,1,0
BRDA:407,42,0,0
BRDA:407,42,1,0
BRDA:410,43,0,0
BRDA:410,43,1,0
BRDA:425,44,0,0
BRDA:425,44,1,0
BRDA:430,45,0,0
BRDA:430,45,1,0
BRDA:435,46,0,0
BRDA:435,46,1,0
BRDA:458,47,0,0
BRDA:458,47,1,0
BRDA:458,48,0,0
BRDA:458,48,1,0
BRDA:478,49,0,0
BRDA:478,49,1,0
BRDA:491,50,0,0
BRDA:491,50,1,0
BRF:99
BRH:0
end_of_record
TN:
SF:src/services/RoomSessionManager.ts
FN:20,(anonymous_0)
FN:27,(anonymous_1)
FN:54,(anonymous_2)
FN:81,(anonymous_3)
FN:104,(anonymous_4)
FN:111,(anonymous_5)
FN:118,(anonymous_6)
FN:130,(anonymous_7)
FN:138,(anonymous_8)
FN:146,(anonymous_9)
FN:154,(anonymous_10)
FN:199,(anonymous_11)
FN:228,(anonymous_12)
FN:243,(anonymous_13)
FN:258,(anonymous_14)
FN:269,(anonymous_15)
FN:285,(anonymous_16)
FN:291,(anonymous_17)
FN:300,(anonymous_18)
FN:306,(anonymous_19)
FN:315,(anonymous_20)
FN:341,(anonymous_21)
FN:343,(anonymous_22)
FN:350,(anonymous_23)
FN:360,(anonymous_24)
FN:371,(anonymous_25)
FNF:26
FNH:0
FNDA:0,(anonymous_0)
FNDA:0,(anonymous_1)
FNDA:0,(anonymous_2)
FNDA:0,(anonymous_3)
FNDA:0,(anonymous_4)
FNDA:0,(anonymous_5)
FNDA:0,(anonymous_6)
FNDA:0,(anonymous_7)
FNDA:0,(anonymous_8)
FNDA:0,(anonymous_9)
FNDA:0,(anonymous_10)
FNDA:0,(anonymous_11)
FNDA:0,(anonymous_12)
FNDA:0,(anonymous_13)
FNDA:0,(anonymous_14)
FNDA:0,(anonymous_15)
FNDA:0,(anonymous_16)
FNDA:0,(anonymous_17)
FNDA:0,(anonymous_18)
FNDA:0,(anonymous_19)
FNDA:0,(anonymous_20)
FNDA:0,(anonymous_21)
FNDA:0,(anonymous_22)
FNDA:0,(anonymous_23)
FNDA:0,(anonymous_24)
FNDA:0,(anonymous_25)
DA:2,0
DA:11,0
DA:13,0
DA:14,0
DA:15,0
DA:18,0
DA:21,0
DA:28,0
DA:29,0
DA:32,0
DA:40,0
DA:41,0
DA:43,0
DA:55,0
DA:56,0
DA:59,0
DA:67,0
DA:68,0
DA:70,0
DA:82,0
DA:91,0
DA:92,0
DA:94,0
DA:105,0
DA:112,0
DA:119,0
DA:120,0
DA:122,0
DA:124,0
DA:131,0
DA:132,0
DA:139,0
DA:140,0
DA:147,0
DA:148,0
DA:155,0
DA:156,0
DA:157,0
DA:161,0
DA:162,0
DA:163,0
DA:164,0
DA:165,0
DA:166,0
DA:167,0
DA:170,0
DA:171,0
DA:172,0
DA:173,0
DA:174,0
DA:175,0
DA:176,0
DA:179,0
DA:180,0
DA:184,0
DA:186,0
DA:193,0
DA:201,0
DA:202,0
DA:203,0
DA:204,0
DA:206,0
DA:210,0
DA:211,0
DA:212,0
DA:213,0
DA:215,0
DA:218,0
DA:229,0
DA:230,0
DA:231,0
DA:232,0
DA:233,0
DA:237,0
DA:244,0
DA:245,0
DA:246,0
DA:247,0
DA:248,0
DA:252,0
DA:259,0
DA:262,0
DA:263,0
DA:264,0
DA:269,0
DA:270,0
DA:273,0
DA:274,0
DA:286,0
DA:287,0
DA:288,0
DA:291,0
DA:301,0
DA:302,0
DA:303,0
DA:306,0
DA:322,0
DA:325,0
DA:326,0
DA:327,0
DA:329,0
DA:333,0
DA:334,0
DA:335,0
DA:337,0
DA:340,0
DA:341,0
DA:342,0
DA:343,0
DA:345,0
DA:350,0
DA:361,0
DA:362,0
DA:364,0
DA:365,0
DA:366,0
DA:367,0
DA:371,0
DA:372,0
DA:375,0
DA:376,0
LF:121
LH:0
BRDA:28,0,0,0
BRDA:28,0,1,0
BRDA:55,1,0,0
BRDA:55,1,1,0
BRDA:105,2,0,0
BRDA:105,2,1,0
BRDA:112,3,0,0
BRDA:112,3,1,0
BRDA:120,4,0,0
BRDA:120,4,1,0
BRDA:132,5,0,0
BRDA:132,5,1,0
BRDA:140,6,0,0
BRDA:140,6,1,0
BRDA:148,7,0,0
BRDA:148,7,1,0
BRDA:156,8,0,0
BRDA:156,8,1,0
BRDA:161,9,0,0
BRDA:161,9,1,0
BRDA:164,10,0,0
BRDA:164,10,1,0
BRDA:166,11,0,0
BRDA:166,11,1,0
BRDA:170,12,0,0
BRDA:170,12,1,0
BRDA:173,13,0,0
BRDA:173,13,1,0
BRDA:175,14,0,0
BRDA:175,14,1,0
BRDA:179,15,0,0
BRDA:179,15,1,0
BRDA:202,16,0,0
BRDA:202,16,1,0
BRDA:211,17,0,0
BRDA:211,17,1,0
BRDA:220,18,0,0
BRDA:220,18,1,0
BRDA:221,19,0,0
BRDA:221,19,1,0
BRDA:230,20,0,0
BRDA:230,20,1,0
BRDA:232,21,0,0
BRDA:232,21,1,0
BRDA:245,22,0,0
BRDA:245,22,1,0
BRDA:247,23,0,0
BRDA:247,23,1,0
BRDA:263,24,0,0
BRDA:263,24,1,0
BRDA:263,25,0,0
BRDA:263,25,1,0
BRDA:273,26,0,0
BRDA:273,26,1,0
BRDA:287,27,0,0
BRDA:287,27,1,0
BRDA:302,28,0,0
BRDA:302,28,1,0
BRDA:326,29,0,0
BRDA:326,29,1,0
BRDA:334,30,0,0
BRDA:334,30,1,0
BRDA:360,31,0,0
BRDA:366,32,0,0
BRDA:366,32,1,0
BRDA:375,33,0,0
BRDA:375,33,1,0
BRF:67
BRH:0
end_of_record
TN:
SF:src/testing/MockSocket.ts
FN:16,(anonymous_0)
FN:24,(anonymous_1)
FN:39,(anonymous_2)
FN:47,(anonymous_3)
FN:55,(anonymous_4)
FN:62,(anonymous_5)
FN:64,(anonymous_6)
FN:72,(anonymous_7)
FN:81,(anonymous_8)
FN:88,(anonymous_9)
FN:100,(anonymous_10)
FN:108,(anonymous_11)
FN:128,(anonymous_12)
FN:136,(anonymous_13)
FN:145,(anonymous_14)
FNF:15
FNH:0
FNDA:0,(anonymous_0)
FNDA:0,(anonymous_1)
FNDA:0,(anonymous_2)
FNDA:0,(anonymous_3)
FNDA:0,(anonymous_4)
FNDA:0,(anonymous_5)
FNDA:0,(anonymous_6)
FNDA:0,(anonymous_7)
FNDA:0,(anonymous_8)
FNDA:0,(anonymous_9)
FNDA:0,(anonymous_10)
FNDA:0,(anonymous_11)
FNDA:0,(anonymous_12)
FNDA:0,(anonymous_13)
FNDA:0,(anonymous_14)
DA:1,0
DA:8,0
DA:10,0
DA:11,0
DA:12,0
DA:13,0
DA:14,0
DA:17,0
DA:18,0
DA:25,0
DA:26,0
DA:33,0
DA:40,0
DA:41,0
DA:48,0
DA:49,0
DA:56,0
DA:63,0
DA:64,0
DA:66,0
DA:73,0
DA:74,0
DA:75,0
DA:82,0
DA:89,0
DA:96,0
DA:101,0
DA:102,0
DA:109,0
DA:110,0
DA:115,0
DA:122,0
DA:123,0
DA:129,0
DA:130,0
DA:137,0
DA:138,0
DA:139,0
DA:146,0
DA:148,0
DA:149,0
DA:150,0
DA:151,0
DA:153,0
DA:156,0
LF:45
LH:0
BRDA:16,0,0,0
BRDA:25,1,0,0
BRDA:25,1,1,0
BRDA:63,2,0,0
BRDA:63,2,1,0
BRDA:109,3,0,0
BRDA:109,3,1,0
BRDA:129,4,0,0
BRDA:129,4,1,0
BRDA:150,5,0,0
BRDA:150,5,1,0
BRF:11
BRH:0
end_of_record
TN:
SF:src/testing/ParallelTestHarness.ts
FN:34,(anonymous_0)
FN:41,(anonymous_1)
FN:49,(anonymous_2)
FN:131,(anonymous_3)
FN:158,(anonymous_4)
FN:201,(anonymous_5)
FN:208,(anonymous_6)
FN:215,(anonymous_7)
FNF:8
FNH:0
FNDA:0,(anonymous_0)
FNDA:0,(anonymous_1)
FNDA:0,(anonymous_2)
FNDA:0,(anonymous_3)
FNDA:0,(anonymous_4)
FNDA:0,(anonymous_5)
FNDA:0,(anonymous_6)
FNDA:0,(anonymous_7)
DA:1,0
DA:29,0
DA:30,0
DA:35,0
DA:42,0
DA:43,0
DA:54,0
DA:57,0
DA:67,0
DA:69,0
DA:70,0
DA:72,0
DA:73,0
DA:75,0
DA:78,0
DA:79,0
DA:80,0
DA:81,0
DA:84,0
DA:85,0
DA:87,0
DA:88,0
DA:90,0
DA:93,0
DA:94,0
DA:95,0
DA:96,0
DA:99,0
DA:100,0
DA:101,0
DA:102,0
DA:103,0
DA:107,0
DA:109,0
DA:122,0
DA:123,0
DA:125,0
DA:132,0
DA:134,0
DA:136,0
DA:138,0
DA:140,0
DA:142,0
DA:143,0
DA:145,0
DA:147,0
DA:148,0
DA:149,0
DA:152,0
DA:159,0
DA:160,0
DA:162,0
DA:164,0
DA:165,0
DA:166,0
DA:167,0
DA:170,0
DA:174,0
DA:178,0
DA:179,0
DA:180,0
DA:181,0
DA:184,0
DA:185,0
DA:186,0
DA:187,0
DA:190,0
DA:202,0
DA:209,0
DA:223,0
DA:224,0
DA:225,0
DA:226,0
DA:227,0
DA:229,0
DA:230,0
DA:231,0
DA:232,0
DA:235,0
DA:239,0
DA:244,0
LF:81
LH:0
BRDA:52,0,0,0
BRDA:72,1,0,0
BRDA:72,1,1,0
BRDA:72,2,0,0
BRDA:72,2,1,0
BRDA:87,3,0,0
BRDA:87,3,1,0
BRDA:87,4,0,0
BRDA:87,4,1,0
BRDA:99,5,0,0
BRDA:99,5,1,0
BRDA:107,6,0,0
BRDA:107,6,1,0
BRDA:132,7,0,0
BRDA:132,7,1,0
BRDA:134,8,0,0
BRDA:134,8,1,0
BRDA:134,9,0,0
BRDA:134,9,1,0
BRDA:136,10,0,0
BRDA:136,10,1,0
BRDA:138,11,0,0
BRDA:138,11,1,0
BRDA:140,12,0,0
BRDA:140,12,1,0
BRDA:145,13,0,0
BRDA:145,13,1,0
BRDA:148,14,0,0
BRDA:148,14,1,0
BRDA:149,15,0,0
BRDA:149,15,1,0
BRDA:160,16,0,0
BRDA:160,16,1,0
BRDA:164,17,0,0
BRDA:164,17,1,0
BRDA:170,18,0,0
BRDA:170,18,1,0
BRDA:174,19,0,0
BRDA:174,19,1,0
BRDA:178,20,0,0
BRDA:178,20,1,0
BRDA:180,21,0,0
BRDA:180,21,1,0
BRDA:184,22,0,0
BRDA:184,22,1,0
BRDA:186,23,0,0
BRDA:186,23,1,0
BRDA:191,24,0,0
BRDA:191,24,1,0
BRDA:191,24,2,0
BRDA:231,25,0,0
BRDA:231,25,1,0
BRDA:235,26,0,0
BRDA:235,26,1,0
BRDA:239,27,0,0
BRDA:239,27,1,0
BRDA:248,28,0,0
BRDA:248,28,1,0
BRDA:249,29,0,0
BRDA:249,29,1,0
BRF:60
BRH:0
end_of_record
TN:
SF:src/testing/RegressionDetector.ts
FN:47,(anonymous_0)
FN:52,(anonymous_1)
FN:56,(anonymous_2)
FN:64,(anonymous_3)
FN:71,(anonymous_4)
FN:105,(anonymous_5)
FN:181,(anonymous_6)
FN:189,(anonymous_7)
FN:195,(anonymous_8)
FN:207,(anonymous_9)
FN:212,(anonymous_10)
FN:224,(anonymous_11)
FN:231,(anonymous_12)
FN:238,(anonymous_13)
FN:239,(anonymous_14)
FN:245,(anonymous_15)
FN:246,(anonymous_16)
FN:252,(anonymous_17)
FN:253,(anonymous_18)
FN:259,(anonymous_19)
FN:269,(anonymous_20)
FN:276,(anonymous_21)
FN:295,(anonymous_22)
FN:302,(anonymous_23)
FN:322,(anonymous_24)
FN:323,(anonymous_25)
FN:341,(anonymous_26)
FNF:27
FNH:0
FNDA:0,(anonymous_0)
FNDA:0,(anonymous_1)
FNDA:0,(anonymous_2)
FNDA:0,(anonymous_3)
FNDA:0,(anonymous_4)
FNDA:0,(anonymous_5)
FNDA:0,(anonymous_6)
FNDA:0,(anonymous_7)
FNDA:0,(anonymous_8)
FNDA:0,(anonymous_9)
FNDA:0,(anonymous_10)
FNDA:0,(anonymous_11)
FNDA:0,(anonymous_12)
FNDA:0,(anonymous_13)
FNDA:0,(anonymous_14)
FNDA:0,(anonymous_15)
FNDA:0,(anonymous_16)
FNDA:0,(anonymous_17)
FNDA:0,(anonymous_18)
FNDA:0,(anonymous_19)
FNDA:0,(anonymous_20)
FNDA:0,(anonymous_21)
FNDA:0,(anonymous_22)
FNDA:0,(anonymous_23)
FNDA:0,(anonymous_24)
FNDA:0,(anonymous_25)
FNDA:0,(anonymous_26)
DA:40,0
DA:43,0
DA:44,0
DA:45,0
DA:48,0
DA:49,0
DA:52,0
DA:53,0
DA:56,0
DA:57,0
DA:65,0
DA:72,0
DA:74,0
DA:75,0
DA:77,0
DA:78,0
DA:79,0
DA:80,0
DA:82,0
DA:94,0
DA:95,0
DA:99,0
DA:106,0
DA:109,0
DA:112,0
DA:117,0
DA:123,0
DA:124,0
DA:125,0
DA:126,0
DA:127,0
DA:132,0
DA:137,0
DA:139,0
DA:161,0
DA:168,0
DA:175,0
DA:182,0
DA:183,0
DA:190,0
DA:191,0
DA:192,0
DA:195,0
DA:196,0
DA:197,0
DA:199,0
DA:208,0
DA:209,0
DA:212,0
DA:213,0
DA:214,0
DA:216,0
DA:225,0
DA:232,0
DA:239,0
DA:246,0
DA:253,0
DA:268,0
DA:269,0
DA:270,0
DA:271,0
DA:272,0
DA:275,0
DA:276,0
DA:279,0
DA:281,0
DA:296,0
DA:307,0
DA:308,0
DA:309,0
DA:312,0
DA:323,0
DA:324,0
DA:325,0
DA:326,0
DA:327,0
DA:330,0
DA:332,0
DA:333,0
DA:348,0
LF:80
LH:0
BRDA:75,0,0,0
BRDA:75,0,1,0
BRDA:124,1,0,0
BRDA:124,1,1,0
BRDA:132,2,0,0
BRDA:132,2,1,0
BRDA:132,2,2,0
BRDA:132,2,3,0
BRDA:141,3,0,0
BRDA:141,3,1,0
BRDA:182,4,0,0
BRDA:182,4,1,0
BRDA:182,5,0,0
BRDA:182,5,1,0
BRDA:232,6,0,0
BRDA:232,6,1,0
BRDA:276,7,0,0
BRDA:276,7,1,0
BRDA:324,8,0,0
BRDA:324,8,1,0
BRF:20
BRH:0
end_of_record
TN:
SF:src/testing/index.ts
FN:2,(anonymous_0)
FN:3,(anonymous_1)
FN:3,(anonymous_2)
FN:3,(anonymous_3)
FN:4,(anonymous_4)
FN:5,(anonymous_5)
FN:9,(anonymous_6)
FN:18,(anonymous_7)
FN:25,(anonymous_8)
FN:31,(anonymous_9)
FN:35,(anonymous_10)
FN:40,(anonymous_11)
FNF:12
FNH:0
FNDA:0,(anonymous_0)
FNDA:0,(anonymous_1)
FNDA:0,(anonymous_2)
FNDA:0,(anonymous_3)
FNDA:0,(anonymous_4)
FNDA:0,(anonymous_5)
FNDA:0,(anonymous_6)
FNDA:0,(anonymous_7)
FNDA:0,(anonymous_8)
FNDA:0,(anonymous_9)
FNDA:0,(anonymous_10)
FNDA:0,(anonymous_11)
DA:2,0
DA:3,0
DA:4,0
DA:5,0
DA:8,0
DA:9,0
DA:17,0
DA:18,0
DA:24,0
DA:25,0
DA:31,0
DA:34,0
DA:35,0
DA:40,0
LF:14
LH:0
BRF:0
BRH:0
end_of_record
TN:
SF:src/validation/schemas.ts
FN:93,(anonymous_1)
FN:101,(anonymous_2)
FNF:2
FNH:0
FNDA:0,(anonymous_1)
FNDA:0,(anonymous_2)
DA:1,0
DA:2,0
DA:5,0
DA:11,0
DA:20,0
DA:28,0
DA:38,0
DA:43,0
DA:48,0
DA:54,0
DA:60,0
DA:66,0
DA:72,0
DA:77,0
DA:83,0
DA:88,0
DA:93,0
DA:94,0
DA:95,0
DA:100,0
DA:101,0
DA:102,0
DA:105,0
DA:107,0
DA:112,0
DA:117,0
DA:124,0
DA:130,0
LF:28
LH:0
BRDA:100,0,0,0
BRDA:100,0,1,0
BRDA:107,1,0,0
BRDA:107,1,1,0
BRF:4
BRH:0
end_of_record
